\BOOKMARK [1][-]{section*.3}{List of Figures}{}% 1
\BOOKMARK [1][-]{section*.4}{List of Tables}{}% 2
\BOOKMARK [2][-]{subsection.0.1}{The RNA World Hypothesis}{section*.4}% 3
\BOOKMARK [2][-]{subsection.0.2}{Outline}{section*.4}% 4
\BOOKMARK [1][-]{section.1}{RNA Secondary Structures}{}% 5
\BOOKMARK [2][-]{subsection.1.1}{Secondary Structure Thermodynamics}{section.1}% 6
\BOOKMARK [3][-]{subsubsection.1.1.1}{The Nearest-Neighbor Energy Model}{subsection.1.1}% 7
\BOOKMARK [3][-]{subsubsection.1.1.2}{Secondary Structure Prediction}{subsection.1.1}% 8
\BOOKMARK [2][-]{subsection.1.2}{Pseudoknots}{section.1}% 9
\BOOKMARK [1][-]{section.2}{The Azoarcus Group I Intron}{}% 10
\BOOKMARK [2][-]{subsection.2.1}{Structural Features}{section.2}% 11
\BOOKMARK [2][-]{subsection.2.2}{Self-Splicing}{section.2}% 12
\BOOKMARK [2][-]{subsection.2.3}{Self-Assembly}{section.2}% 13
\BOOKMARK [2][-]{subsection.2.4}{Native Sequence and Target Structure Data}{section.2}% 14
\BOOKMARK [1][-]{section.3}{Methods}{}% 15
\BOOKMARK [2][-]{subsection.3.1}{Secondary Structure Prediction}{section.3}% 16
\BOOKMARK [3][-]{subsubsection.3.1.1}{pKiss}{subsection.3.1}% 17
\BOOKMARK [3][-]{subsubsection.3.1.2}{RNAfold}{subsection.3.1}% 18
\BOOKMARK [3][-]{subsubsection.3.1.3}{RNAPKplex}{subsection.3.1}% 19
\BOOKMARK [3][-]{subsubsection.3.1.4}{Energy Parameter Sets}{subsection.3.1}% 20
\BOOKMARK [2][-]{subsection.3.2}{RNA Design}{section.3}% 21
\BOOKMARK [3][-]{subsubsection.3.2.1}{Objective Functions}{subsection.3.2}% 22
\BOOKMARK [3][-]{subsubsection.3.2.2}{Sequence Constraints}{subsection.3.2}% 23
\BOOKMARK [3][-]{subsubsection.3.2.3}{Pipeline}{subsection.3.2}% 24
\BOOKMARK [3][-]{subsubsection.3.2.4}{Quality Control and Selection of Designed Sequences}{subsection.3.2}% 25
\BOOKMARK [2][-]{subsection.3.3}{Neutral Paths}{section.3}% 26
\BOOKMARK [1][-]{section.4}{Results}{}% 27
\BOOKMARK [2][-]{subsection.4.1}{Numerical Results}{section.4}% 28
\BOOKMARK [3][-]{subsubsection.4.1.1}{Structure Prediction of Azoarcus}{subsection.4.1}% 29
\BOOKMARK [3][-]{subsubsection.4.1.2}{Sequence Designs}{subsection.4.1}% 30
\BOOKMARK [3][-]{subsubsection.4.1.3}{Neutral Path Lengths}{subsection.4.1}% 31
\BOOKMARK [2][-]{subsection.4.2}{Preliminary Experimental Results}{section.4}% 32
\BOOKMARK [3][-]{subsubsection.4.2.1}{Mechanism of the Self-Splicing Assay}{subsection.4.2}% 33
\BOOKMARK [3][-]{subsubsection.4.2.2}{Assay Results}{subsection.4.2}% 34
\BOOKMARK [1][-]{section.5}{Discussion}{}% 35
\BOOKMARK [2][-]{subsection.5.1}{Design Challenges and Limitations}{section.5}% 36
\BOOKMARK [3][-]{subsubsection.5.1.1}{Revisiting Assumptions}{subsection.5.1}% 37
\BOOKMARK [2][-]{subsection.5.2}{Methodological Considerations}{section.5}% 38
\BOOKMARK [3][-]{subsubsection.5.2.1}{Outlook on Other Approaches}{subsection.5.2}% 39
\BOOKMARK [2][-]{subsection.5.3}{Conclusion}{section.5}% 40
\BOOKMARK [1][-]{appendix.A}{Appendix}{}% 41
\BOOKMARK [2][-]{subsection.A.1}{Code and Data Availability}{appendix.A}% 42
\BOOKMARK [2][-]{subsection.A.2}{Superpositioned Nested Target Structures}{appendix.A}% 43
\BOOKMARK [2][-]{subsection.A.3}{MFE Predictions for the Reference Sequence}{appendix.A}% 44
\BOOKMARK [2][-]{subsection.A.4}{Sequence Design Examples}{appendix.A}% 45
\BOOKMARK [2][-]{subsection.A.5}{Initial Sequence Designs}{appendix.A}% 46
\BOOKMARK [2][-]{subsection.A.6}{Ensemble Defect Generalization}{appendix.A}% 47
