This is pdfTeX, Version 3.14159265-2.6-1.40.19 (TeX Live 2019/dev/Debian) (preloaded format=pdflatex 2020.1.7)  6 JAN 2022 14:55
entering extended mode
 restricted \write18 enabled.
 %&-line parsing enabled.
**thesis.tex
(./thesis.tex
LaTeX2e <2018-12-01>
(/usr/share/texlive/texmf-dist/tex/latex/silence/silence.sty
Package: silence 2012/07/02 v1.5b Selective filtering of warnings and error mes
sages
\sl@Save=\count80
\sl@StateNumber=\count81
\sl@MessageCount=\count82
\sl@Casualties=\count83
\sl@Filter=\toks14
\sl@Message=\toks15
\sl@UnexpandedMessage=\toks16
\sl@Mess@ge=\toks17
\sl@WarningCount=\count84
\sl@WarningNumber=\count85
\sl@WarningCasualties=\count86
\sl@TempBOW=\toks18
\sl@BankOfWarnings=\toks19
LaTeX Info: Redefining \GenericWarning on input line 433.
\sl@ErrorCount=\count87
\sl@ErrorNumber=\count88
\sl@ErrorCasualties=\count89
\sl@TempBOE=\toks20
\sl@BankOfErrors=\toks21
LaTeX Info: Redefining \GenericError on input line 601.
)
(/usr/share/texlive/texmf-dist/tex/latex/koma-script/scrreprt.cls
Document Class: scrreprt 2019/02/01 v3.26b KOMA-Script document class (report)
(/usr/share/texlive/texmf-dist/tex/latex/koma-script/scrkbase.sty
Package: scrkbase 2019/02/01 v3.26b KOMA-Script package (KOMA-Script-dependent 
basics and keyval usage)

(/usr/share/texlive/texmf-dist/tex/latex/koma-script/scrbase.sty
Package: scrbase 2019/02/01 v3.26b KOMA-Script package (KOMA-Script-independent
 basics and keyval usage)

(/usr/share/texlive/texmf-dist/tex/latex/graphics/keyval.sty
Package: keyval 2014/10/28 v1.15 key=value parser (DPC)
\KV@toks@=\toks22
)
(/usr/share/texlive/texmf-dist/tex/latex/koma-script/scrlfile.sty
Package: scrlfile 2019/02/01 v3.26b KOMA-Script package (loading files)
)))
(/usr/share/texlive/texmf-dist/tex/latex/koma-script/tocbasic.sty
Package: tocbasic 2019/02/01 v3.26b KOMA-Script package (handling toc-files)
\scr@dte@tocline@numberwidth=\skip41
\scr@dte@tocline@numbox=\box27
)
Package tocbasic Info: omitting babel extension for `toc'
(tocbasic)             because of feature `nobabel' available
(tocbasic)             for `toc' on input line 136.
Class scrreprt Info: You've used standard option `openright'.
(scrreprt)           This is correct!
(scrreprt)           Internally I'm using `open=right'.
(scrreprt)           If you'd like to set the option with \KOMAoptions,
(scrreprt)           you'd have to use `open=right' there
(scrreprt)           instead of `openright', too.
Class scrreprt Info: File `scrsize11pt.clo' used to setup font sizes on input l
ine 2373.

(/usr/share/texlive/texmf-dist/tex/latex/koma-script/scrsize11pt.clo
File: scrsize11pt.clo 2019/02/01 v3.26b KOMA-Script font size class option (11p
t)
)
(/usr/share/texlive/texmf-dist/tex/latex/koma-script/typearea.sty
Package: typearea 2019/02/01 v3.26b KOMA-Script package (type area)
\ta@bcor=\skip42
\ta@div=\count90
\ta@hblk=\skip43
\ta@vblk=\skip44
\ta@temp=\skip45
\footheight=\skip46
Package typearea Info: These are the values describing the layout:
(typearea)             DIV  = 10
(typearea)             BCOR = 14.22636pt
(typearea)             \paperwidth      = 597.50793pt
(typearea)              \textwidth      = 408.2971pt
(typearea)              DIV departure   = -3%
(typearea)              \evensidemargin = 44.38632pt
(typearea)              \oddsidemargin  = 0.28453pt
(typearea)             \paperheight     = 845.04694pt
(typearea)              \textheight     = 514.20023pt
(typearea)              \topmargin      = 12.2347pt
(typearea)              \headheight     = 17.0pt
(typearea)              \headsep        = 20.40001pt
(typearea)              \topskip        = 11.0pt
(typearea)              \footskip       = 47.6pt
(typearea)              \baselineskip   = 13.6pt
(typearea)              on input line 1715.
)
\c@part=\count91
\c@chapter=\count92
\c@section=\count93
\c@subsection=\count94
\c@subsubsection=\count95
\c@paragraph=\count96
\c@subparagraph=\count97
\scr@dte@chapter@maxnumwidth=\skip47
Class scrreprt Info: using compatibility default `afterindent=bysign'
(scrreprt)           for `\chapter on input line 5305.
\scr@dte@section@maxnumwidth=\skip48
Class scrreprt Info: using compatibility default `runin=bysign'
(scrreprt)           for `\section on input line 5315.
Class scrreprt Info: using compatibility default `afterindent=bysign'
(scrreprt)           for `\section on input line 5315.
\scr@dte@part@maxnumwidth=\skip49
Class scrreprt Info: using compatibility default `afterindent=true'
(scrreprt)           for `\part on input line 5324.
\scr@dte@subsection@maxnumwidth=\skip50
Class scrreprt Info: using compatibility default `runin=bysign'
(scrreprt)           for `\subsection on input line 5334.
Class scrreprt Info: using compatibility default `afterindent=bysign'
(scrreprt)           for `\subsection on input line 5334.
\scr@dte@subsubsection@maxnumwidth=\skip51
Class scrreprt Info: using compatibility default `runin=bysign'
(scrreprt)           for `\subsubsection on input line 5344.
Class scrreprt Info: using compatibility default `afterindent=bysign'
(scrreprt)           for `\subsubsection on input line 5344.
\scr@dte@paragraph@maxnumwidth=\skip52
Class scrreprt Info: using compatibility default `runin=bysign'
(scrreprt)           for `\paragraph on input line 5354.
Class scrreprt Info: using compatibility default `afterindent=bysign'
(scrreprt)           for `\paragraph on input line 5354.
\scr@dte@subparagraph@maxnumwidth=\skip53
Class scrreprt Info: using compatibility default `runin=bysign'
(scrreprt)           for `\subparagraph on input line 5364.
Class scrreprt Info: using compatibility default `afterindent=bysign'
(scrreprt)           for `\subparagraph on input line 5364.
\abovecaptionskip=\skip54
\belowcaptionskip=\skip55
\c@pti@nb@sid@b@x=\box28
Package tocbasic Info: omitting babel extension for `lof'
(tocbasic)             because of feature `nobabel' available
(tocbasic)             for `lof' on input line 6613.
\scr@dte@figure@maxnumwidth=\skip56
\c@figure=\count98
Package tocbasic Info: omitting babel extension for `lot'
(tocbasic)             because of feature `nobabel' available
(tocbasic)             for `lot' on input line 6630.
\scr@dte@table@maxnumwidth=\skip57
\c@table=\count99
Class scrreprt Info: Redefining `\numberline' on input line 6799.
\bibindent=\dimen102
)
(./classicthesis-config.tex
(/usr/share/texlive/texmf-dist/tex/latex/base/inputenc.sty
Package: inputenc 2018/08/11 v1.3c Input encoding file
\inpenc@prehook=\toks23
\inpenc@posthook=\toks24
)
(/usr/share/texlive/texmf-dist/tex/latex/base/fontenc.sty
Package: fontenc 2018/08/11 v2.0j Standard LaTeX package

(/usr/share/texlive/texmf-dist/tex/latex/base/t1enc.def
File: t1enc.def 2018/08/11 v2.0j Standard LaTeX file
LaTeX Font Info:    Redeclaring font encoding T1 on input line 48.
))
(/usr/share/texlive/texmf-dist/tex/generic/babel/babel.sty
Package: babel 2018/11/13 3.27 The Babel package

(/usr/share/texlive/texmf-dist/tex/generic/babel/switch.def
File: switch.def 2018/11/13 3.27 Babel switching mechanism
)
(/usr/share/texlive/texmf-dist/tex/generic/babel-german/ngerman.ldf
Language: ngerman 2018/12/08 v2.11 German support for babel (post-1996 orthogra
phy)

(/usr/share/texlive/texmf-dist/tex/generic/babel-german/ngermanb.ldf
Language: ngermanb 2018/12/08 v2.11 German support for babel (post-1996 orthogr
aphy)

(/usr/share/texlive/texmf-dist/tex/generic/babel/babel.def
File: babel.def 2018/11/13 3.27 Babel common definitions
\babel@savecnt=\count100
\U@D=\dimen103

(/usr/share/texlive/texmf-dist/tex/generic/babel/txtbabel.def)
\bbl@dirlevel=\count101
)
Package babel Info: Making " an active character on input line 121.
))
(/usr/share/texlive/texmf-dist/tex/generic/babel-english/american.ldf
Language: american 2017/06/06 v3.3r English support from the babel system

(/usr/share/texlive/texmf-dist/tex/generic/babel-english/english.ldf
Language: english 2017/06/06 v3.3r English support from the babel system
\l@canadian = a dialect from \language\l@american 
\l@australian = a dialect from \language\l@british 
\l@newzealand = a dialect from \language\l@british 
)))
(/usr/share/texlive/texmf-dist/tex/latex/csquotes/csquotes.sty
Package: csquotes 2018/04/13 v5.2d context-sensitive quotations (JAW)

(/usr/share/texlive/texmf-dist/tex/latex/etoolbox/etoolbox.sty
Package: etoolbox 2018/08/19 v2.5f e-TeX tools for LaTeX (JAW)
\etb@tempcnta=\count102
)
\csq@reset=\count103
\csq@gtype=\count104
\csq@glevel=\count105
\csq@qlevel=\count106
\csq@maxlvl=\count107
\csq@tshold=\count108
\csq@ltx@everypar=\toks25

(/usr/share/texlive/texmf-dist/tex/latex/csquotes/csquotes.def
File: csquotes.def 2018/04/13 v5.2d csquotes generic definitions (JAW)
)
Package csquotes Info: Trying to load configuration file 'csquotes.cfg'...
Package csquotes Info: ... configuration file loaded successfully.

(/usr/share/texlive/texmf-dist/tex/latex/csquotes/csquotes.cfg
File: csquotes.cfg 
))
(/usr/share/texlive/texmf-dist/tex/latex/biblatex/biblatex.sty
Package: biblatex 2018/11/02 v3.12 programmable bibliographies (PK/MW)

(/usr/share/texlive/texmf-dist/tex/generic/oberdiek/pdftexcmds.sty
Package: pdftexcmds 2018/09/10 v0.29 Utility functions of pdfTeX for LuaTeX (HO
)

(/usr/share/texlive/texmf-dist/tex/generic/oberdiek/infwarerr.sty
Package: infwarerr 2016/05/16 v1.4 Providing info/warning/error messages (HO)
)
(/usr/share/texlive/texmf-dist/tex/generic/oberdiek/ifluatex.sty
Package: ifluatex 2016/05/16 v1.4 Provides the ifluatex switch (HO)
Package ifluatex Info: LuaTeX not detected.
)
(/usr/share/texlive/texmf-dist/tex/generic/oberdiek/ltxcmds.sty
Package: ltxcmds 2016/05/16 v1.23 LaTeX kernel commands for general use (HO)
)
(/usr/share/texlive/texmf-dist/tex/generic/oberdiek/ifpdf.sty
Package: ifpdf 2018/09/07 v3.3 Provides the ifpdf switch
)
Package pdftexcmds Info: LuaTeX not detected.
Package pdftexcmds Info: \pdf@primitive is available.
Package pdftexcmds Info: \pdf@ifprimitive is available.
Package pdftexcmds Info: \pdfdraftmode found.
)
(/usr/share/texlive/texmf-dist/tex/latex/oberdiek/kvoptions.sty
Package: kvoptions 2016/05/16 v3.12 Key value format for package options (HO)

(/usr/share/texlive/texmf-dist/tex/generic/oberdiek/kvsetkeys.sty
Package: kvsetkeys 2016/05/16 v1.17 Key value parser (HO)

(/usr/share/texlive/texmf-dist/tex/generic/oberdiek/etexcmds.sty
Package: etexcmds 2016/05/16 v1.6 Avoid name clashes with e-TeX commands (HO)
)))
(/usr/share/texlive/texmf-dist/tex/latex/logreq/logreq.sty
Package: logreq 2010/08/04 v1.0 xml request logger
\lrq@indent=\count109

(/usr/share/texlive/texmf-dist/tex/latex/logreq/logreq.def
File: logreq.def 2010/08/04 v1.0 logreq spec v1.0
))
(/usr/share/texlive/texmf-dist/tex/latex/base/ifthen.sty
Package: ifthen 2014/09/29 v1.1c Standard LaTeX ifthen package (DPC)
)
(/usr/share/texlive/texmf-dist/tex/latex/url/url.sty
\Urlmuskip=\muskip10
Package: url 2013/09/16  ver 3.4  Verb mode for urls, etc.
)
\c@tabx@nest=\count110
\c@listtotal=\count111
\c@listcount=\count112
\c@liststart=\count113
\c@liststop=\count114
\c@citecount=\count115
\c@citetotal=\count116
\c@multicitecount=\count117
\c@multicitetotal=\count118
\c@instcount=\count119
\c@maxnames=\count120
\c@minnames=\count121
\c@maxitems=\count122
\c@minitems=\count123
\c@citecounter=\count124
\c@maxcitecounter=\count125
\c@savedcitecounter=\count126
\c@uniquelist=\count127
\c@uniquename=\count128
\c@refsection=\count129
\c@refsegment=\count130
\c@maxextratitle=\count131
\c@maxextratitleyear=\count132
\c@maxextraname=\count133
\c@maxextradate=\count134
\c@maxextraalpha=\count135
\c@abbrvpenalty=\count136
\c@highnamepenalty=\count137
\c@lownamepenalty=\count138
\c@maxparens=\count139
\c@parenlevel=\count140
\blx@tempcnta=\count141
\blx@tempcntb=\count142
\blx@tempcntc=\count143
\blx@maxsection=\count144
\blx@maxsegment@0=\count145
\blx@notetype=\count146
\blx@parenlevel@text=\count147
\blx@parenlevel@foot=\count148
\blx@sectionciteorder@0=\count149
\blx@entrysetcounter=\count150
\labelnumberwidth=\skip58
\labelalphawidth=\skip59
\biblabelsep=\skip60
\bibitemsep=\skip61
\bibnamesep=\skip62
\bibinitsep=\skip63
\bibparsep=\skip64
\bibhang=\skip65
\blx@bcfin=\read1
\blx@bcfout=\write3
\c@mincomprange=\count151
\c@maxcomprange=\count152
\c@mincompwidth=\count153
Package biblatex Info: Trying to load biblatex default data model...
Package biblatex Info: ... file 'blx-dm.def' found.

(/usr/share/texlive/texmf-dist/tex/latex/biblatex/blx-dm.def
File: blx-dm.def 2018/11/02 v3.12 biblatex localization (PK/MW)
)
Package biblatex Info: Trying to load biblatex style data model...
Package biblatex Info: ... file 'numeric-comp.dbx' not found.
Package biblatex Info: Trying to load biblatex custom data model...
Package biblatex Info: ... file 'biblatex-dm.cfg' not found.
\c@afterword=\count154
\c@savedafterword=\count155
\c@annotator=\count156
\c@savedannotator=\count157
\c@author=\count158
\c@savedauthor=\count159
\c@bookauthor=\count160
\c@savedbookauthor=\count161
\c@commentator=\count162
\c@savedcommentator=\count163
\c@editor=\count164
\c@savededitor=\count165
\c@editora=\count166
\c@savededitora=\count167
\c@editorb=\count168
\c@savededitorb=\count169
\c@editorc=\count170
\c@savededitorc=\count171
\c@foreword=\count172
\c@savedforeword=\count173
\c@holder=\count174
\c@savedholder=\count175
\c@introduction=\count176
\c@savedintroduction=\count177
\c@namea=\count178
\c@savednamea=\count179
\c@nameb=\count180
\c@savednameb=\count181
\c@namec=\count182
\c@savednamec=\count183
\c@translator=\count184
\c@savedtranslator=\count185
\c@shortauthor=\count186
\c@savedshortauthor=\count187
\c@shorteditor=\count188
\c@savedshorteditor=\count189
\c@labelname=\count190
\c@savedlabelname=\count191
\c@institution=\count192
\c@savedinstitution=\count193
\c@lista=\count194
\c@savedlista=\count195
\c@listb=\count196
\c@savedlistb=\count197
\c@listc=\count198
\c@savedlistc=\count199
\c@listd=\count266
\c@savedlistd=\count267
\c@liste=\count268
\c@savedliste=\count269
\c@listf=\count270
\c@savedlistf=\count271
\c@location=\count272
\c@savedlocation=\count273
\c@organization=\count274
\c@savedorganization=\count275
\c@origlocation=\count276
\c@savedoriglocation=\count277
\c@origpublisher=\count278
\c@savedorigpublisher=\count279
\c@publisher=\count280
\c@savedpublisher=\count281
\c@language=\count282
\c@savedlanguage=\count283
\c@origlanguage=\count284
\c@savedoriglanguage=\count285
\c@pageref=\count286
\c@savedpageref=\count287
\shorthandwidth=\skip66
\shortjournalwidth=\skip67
\shortserieswidth=\skip68
\shorttitlewidth=\skip69
\shortauthorwidth=\skip70
\shorteditorwidth=\skip71
\locallabelnumberwidth=\skip72
\locallabelalphawidth=\skip73
\localshorthandwidth=\skip74
\localshortjournalwidth=\skip75
\localshortserieswidth=\skip76
\localshorttitlewidth=\skip77
\localshortauthorwidth=\skip78
\localshorteditorwidth=\skip79
Package biblatex Info: Trying to load compatibility code...
Package biblatex Info: ... file 'blx-compat.def' found.

(/usr/share/texlive/texmf-dist/tex/latex/biblatex/blx-compat.def
File: blx-compat.def 2018/11/02 v3.12 biblatex compatibility (PK/MW)
)
Package biblatex Info: Trying to load BibTeX backend compatibility...
Package biblatex Info: ... file 'blx-bibtex.def' found.

(/usr/share/texlive/texmf-dist/tex/latex/biblatex/blx-bibtex.def
File: blx-bibtex.def 2018/11/02 v3.12 biblatex compatibility (PK/MW)


Package biblatex Warning: Using fall-back BibTeX(8) backend:
(biblatex)                functionality may be reduced/unavailable.

)
Package biblatex Info: Trying to load generic definitions...
Package biblatex Info: ... file 'biblatex.def' found.
 (/usr/share/texlive/texmf-dist/tex/latex/biblatex/biblatex.def
File: biblatex.def 2018/11/02 v3.12 biblatex compatibility (PK/MW)
\c@textcitecount=\count288
\c@textcitetotal=\count289
\c@textcitemaxnames=\count290
\c@biburlnumpenalty=\count291
\c@biburlucpenalty=\count292
\c@biburllcpenalty=\count293
\c@smartand=\count294
)
Package biblatex Info: Trying to load natbib compatibility...
Package biblatex Info: ... file 'blx-natbib.def' found.

(/usr/share/texlive/texmf-dist/tex/latex/biblatex/blx-natbib.def
File: blx-natbib.def 2018/11/02 v3.12 biblatex compatibility (PK/MW)
Package biblatex Info: Delimiter 'nameyeardelim' in context '' already defined,
 overwriting.
)
Package biblatex Info: Trying to load bibliography style 'numeric'...
Package biblatex Info: ... file 'numeric.bbx' found.

(/usr/share/texlive/texmf-dist/tex/latex/biblatex/bbx/numeric.bbx
File: numeric.bbx 2018/11/02 v3.12 biblatex bibliography style (PK/MW)
Package biblatex Info: Trying to load bibliography style 'standard'...
Package biblatex Info: ... file 'standard.bbx' found.

(/usr/share/texlive/texmf-dist/tex/latex/biblatex/bbx/standard.bbx
File: standard.bbx 2018/11/02 v3.12 biblatex bibliography style (PK/MW)
\c@bbx:relatedcount=\count295
\c@bbx:relatedtotal=\count296
))
Package biblatex Info: Trying to load citation style 'numeric-comp'...
Package biblatex Info: ... file 'numeric-comp.cbx' found.

(/usr/share/texlive/texmf-dist/tex/latex/biblatex/cbx/numeric-comp.cbx
File: numeric-comp.cbx 2018/11/02 v3.12 biblatex citation style (PK/MW)
\c@cbx@tempcnta=\count297
\c@cbx@tempcntb=\count298
Package biblatex Info: Redefining '\cite'.
Package biblatex Info: Redefining '\parencite'.
Package biblatex Info: Redefining '\footcite'.
Package biblatex Info: Redefining '\footcitetext'.
Package biblatex Info: Redefining '\smartcite'.
Package biblatex Info: Redefining '\supercite'.
Package biblatex Info: Redefining '\textcite'.
Package biblatex Info: Redefining '\textcites'.
Package biblatex Info: Redefining '\cites'.
Package biblatex Info: Redefining '\parencites'.
Package biblatex Info: Redefining '\smartcites'.
)
Package biblatex Info: Trying to load configuration file...
Package biblatex Info: ... file 'biblatex.cfg' found.

(/usr/share/texlive/texmf-dist/tex/latex/biblatex/biblatex.cfg
File: biblatex.cfg 
))
(/usr/share/texlive/texmf-dist/tex/latex/amsmath/amsmath.sty
Package: amsmath 2018/12/01 v2.17b AMS math features
\@mathmargin=\skip80

For additional information on amsmath, use the `?' option.
(/usr/share/texlive/texmf-dist/tex/latex/amsmath/amstext.sty
Package: amstext 2000/06/29 v2.01 AMS text

(/usr/share/texlive/texmf-dist/tex/latex/amsmath/amsgen.sty
File: amsgen.sty 1999/11/30 v2.0 generic functions
\@emptytoks=\toks26
\ex@=\dimen104
))
(/usr/share/texlive/texmf-dist/tex/latex/amsmath/amsbsy.sty
Package: amsbsy 1999/11/29 v1.2d Bold Symbols
\pmbraise@=\dimen105
)
(/usr/share/texlive/texmf-dist/tex/latex/amsmath/amsopn.sty
Package: amsopn 2016/03/08 v2.02 operator names
)
\inf@bad=\count299
LaTeX Info: Redefining \frac on input line 223.
\uproot@=\count300
\leftroot@=\count301
LaTeX Info: Redefining \overline on input line 385.
\classnum@=\count302
\DOTSCASE@=\count303
LaTeX Info: Redefining \ldots on input line 482.
LaTeX Info: Redefining \dots on input line 485.
LaTeX Info: Redefining \cdots on input line 606.
\Mathstrutbox@=\box29
\strutbox@=\box30
\big@size=\dimen106
LaTeX Font Info:    Redeclaring font encoding OML on input line 729.
LaTeX Font Info:    Redeclaring font encoding OMS on input line 730.
\macc@depth=\count304
\c@MaxMatrixCols=\count305
\dotsspace@=\muskip11
\c@parentequation=\count306
\dspbrk@lvl=\count307
\tag@help=\toks27
\row@=\count308
\column@=\count309
\maxfields@=\count310
\andhelp@=\toks28
\eqnshift@=\dimen107
\alignsep@=\dimen108
\tagshift@=\dimen109
\tagwidth@=\dimen110
\totwidth@=\dimen111
\lineht@=\dimen112
\@envbody=\toks29
\multlinegap=\skip81
\multlinetaggap=\skip82
\mathdisplay@stack=\toks30
LaTeX Info: Redefining \[ on input line 2844.
LaTeX Info: Redefining \] on input line 2845.
)
(/usr/share/texlive/texmf-dist/tex/latex/graphics/graphicx.sty
Package: graphicx 2017/06/01 v1.1a Enhanced LaTeX Graphics (DPC,SPQR)

(/usr/share/texlive/texmf-dist/tex/latex/graphics/graphics.sty
Package: graphics 2017/06/25 v1.2c Standard LaTeX Graphics (DPC,SPQR)

(/usr/share/texlive/texmf-dist/tex/latex/graphics/trig.sty
Package: trig 2016/01/03 v1.10 sin cos tan (DPC)
)
(/usr/share/texlive/texmf-dist/tex/latex/graphics-cfg/graphics.cfg
File: graphics.cfg 2016/06/04 v1.11 sample graphics configuration
)
Package graphics Info: Driver file: pdftex.def on input line 99.

(/usr/share/texlive/texmf-dist/tex/latex/graphics-def/pdftex.def
File: pdftex.def 2018/01/08 v1.0l Graphics/color driver for pdftex
))
\Gin@req@height=\dimen113
\Gin@req@width=\dimen114
)
(/usr/share/texlive/texmf-dist/tex/latex/koma-script/scrhack.sty
Package: scrhack 2019/02/01 v3.26b KOMA-Script package 

(/usr/share/texlive/texmf-dist/tex/latex/xpatch/xpatch.sty
(/usr/share/texlive/texmf-dist/tex/latex/l3kernel/expl3.sty
Package: expl3 2019-02-15 L3 programming layer (loader) 

(/usr/share/texlive/texmf-dist/tex/latex/l3kernel/expl3-code.tex
Package: expl3 2019-02-15 L3 programming layer (code)
\c_max_int=\count311
\l_tmpa_int=\count312
\l_tmpb_int=\count313
\g_tmpa_int=\count314
\g_tmpb_int=\count315
\g__kernel_prg_map_int=\count316
\c_log_iow=\count317
\l_iow_line_count_int=\count318
\l__iow_line_target_int=\count319
\l__iow_one_indent_int=\count320
\l__iow_indent_int=\count321
\c_zero_dim=\dimen115
\c_max_dim=\dimen116
\l_tmpa_dim=\dimen117
\l_tmpb_dim=\dimen118
\g_tmpa_dim=\dimen119
\g_tmpb_dim=\dimen120
\c_zero_skip=\skip83
\c_max_skip=\skip84
\l_tmpa_skip=\skip85
\l_tmpb_skip=\skip86
\g_tmpa_skip=\skip87
\g_tmpb_skip=\skip88
\c_zero_muskip=\muskip12
\c_max_muskip=\muskip13
\l_tmpa_muskip=\muskip14
\l_tmpb_muskip=\muskip15
\g_tmpa_muskip=\muskip16
\g_tmpb_muskip=\muskip17
\l_keys_choice_int=\count322
\l__intarray_loop_int=\count323
\c__intarray_sp_dim=\dimen121
\g__intarray_font_int=\count324
\c__fp_leading_shift_int=\count325
\c__fp_middle_shift_int=\count326
\c__fp_trailing_shift_int=\count327
\c__fp_big_leading_shift_int=\count328
\c__fp_big_middle_shift_int=\count329
\c__fp_big_trailing_shift_int=\count330
\c__fp_Bigg_leading_shift_int=\count331
\c__fp_Bigg_middle_shift_int=\count332
\c__fp_Bigg_trailing_shift_int=\count333
\c__kernel_randint_max_int=\count334
\g__fp_array_int=\count335
\l__fp_array_loop_int=\count336
\l__sort_length_int=\count337
\l__sort_min_int=\count338
\l__sort_top_int=\count339
\l__sort_max_int=\count340
\l__sort_true_max_int=\count341
\l__sort_block_int=\count342
\l__sort_begin_int=\count343
\l__sort_end_int=\count344
\l__sort_A_int=\count345
\l__sort_B_int=\count346
\l__sort_C_int=\count347
\l__tl_analysis_normal_int=\count348
\l__tl_analysis_index_int=\count349
\l__tl_analysis_nesting_int=\count350
\l__tl_analysis_type_int=\count351
\l__regex_internal_a_int=\count352
\l__regex_internal_b_int=\count353
\l__regex_internal_c_int=\count354
\l__regex_balance_int=\count355
\l__regex_group_level_int=\count356
\l__regex_mode_int=\count357
\c__regex_cs_in_class_mode_int=\count358
\c__regex_cs_mode_int=\count359
\l__regex_catcodes_int=\count360
\l__regex_default_catcodes_int=\count361
\c__regex_catcode_D_int=\count362
\c__regex_catcode_S_int=\count363
\c__regex_catcode_L_int=\count364
\c__regex_catcode_O_int=\count365
\c__regex_catcode_A_int=\count366
\c__regex_all_catcodes_int=\count367
\l__regex_show_lines_int=\count368
\l__regex_min_state_int=\count369
\l__regex_max_state_int=\count370
\l__regex_left_state_int=\count371
\l__regex_right_state_int=\count372
\l__regex_capturing_group_int=\count373
\l__regex_min_pos_int=\count374
\l__regex_max_pos_int=\count375
\l__regex_curr_pos_int=\count376
\l__regex_start_pos_int=\count377
\l__regex_success_pos_int=\count378
\l__regex_curr_char_int=\count379
\l__regex_curr_catcode_int=\count380
\l__regex_last_char_int=\count381
\l__regex_case_changed_char_int=\count382
\l__regex_curr_state_int=\count383
\l__regex_step_int=\count384
\l__regex_min_active_int=\count385
\l__regex_max_active_int=\count386
\l__regex_replacement_csnames_int=\count387
\l__regex_match_count_int=\count388
\l__regex_min_submatch_int=\count389
\l__regex_submatch_int=\count390
\l__regex_zeroth_submatch_int=\count391
\g__regex_trace_regex_int=\count392
\c_empty_box=\box31
\l_tmpa_box=\box32
\l_tmpb_box=\box33
\g_tmpa_box=\box34
\g_tmpb_box=\box35
\l__box_top_dim=\dimen122
\l__box_bottom_dim=\dimen123
\l__box_left_dim=\dimen124
\l__box_right_dim=\dimen125
\l__box_top_new_dim=\dimen126
\l__box_bottom_new_dim=\dimen127
\l__box_left_new_dim=\dimen128
\l__box_right_new_dim=\dimen129
\l__box_internal_box=\box36
\l__coffin_internal_box=\box37
\l__coffin_internal_dim=\dimen130
\l__coffin_offset_x_dim=\dimen131
\l__coffin_offset_y_dim=\dimen132
\l__coffin_x_dim=\dimen133
\l__coffin_y_dim=\dimen134
\l__coffin_x_prime_dim=\dimen135
\l__coffin_y_prime_dim=\dimen136
\c_empty_coffin=\box38
\l__coffin_aligned_coffin=\box39
\l__coffin_aligned_internal_coffin=\box40
\l_tmpa_coffin=\box41
\l_tmpb_coffin=\box42
\g_tmpa_coffin=\box43
\g_tmpb_coffin=\box44
\c__coffin_empty_coffin=\box45
\l__coffin_display_coffin=\box46
\l__coffin_display_coord_coffin=\box47
\l__coffin_display_pole_coffin=\box48
\l__coffin_display_offset_dim=\dimen137
\l__coffin_display_x_dim=\dimen138
\l__coffin_display_y_dim=\dimen139
\g__file_internal_ior=\read2
\l__coffin_bounding_shift_dim=\dimen140
\l__coffin_left_corner_dim=\dimen141
\l__coffin_right_corner_dim=\dimen142
\l__coffin_bottom_corner_dim=\dimen143
\l__coffin_top_corner_dim=\dimen144
\l__coffin_scaled_total_height_dim=\dimen145
\l__coffin_scaled_width_dim=\dimen146
\l__seq_internal_a_int=\count393
\l__seq_internal_b_int=\count394
)
(/usr/share/texlive/texmf-dist/tex/latex/l3kernel/l3pdfmode.def
File: l3pdfmode.def 2019-02-15 v L3 Experimental driver: PDF mode
\l__driver_color_stack_int=\count395
))
Package: xpatch 2012/10/02 v0.3 Extending etoolbox patching commands

(/usr/share/texlive/texmf-dist/tex/latex/l3packages/xparse/xparse.sty
Package: xparse 2018-10-17 L3 Experimental document command parser
\l__xparse_current_arg_int=\count396
\g__xparse_grabber_int=\count397
\l__xparse_m_args_int=\count398
\l__xparse_mandatory_args_int=\count399
\l__xparse_v_nesting_int=\count400
)))
(/usr/share/texlive/texmf-dist/tex/latex/tools/xspace.sty
Package: xspace 2014/10/28 v1.13 Space after command names (DPC,MH)
)
(/usr/share/texlive/texmf-dist/tex/latex/acronym/acronym.sty
Package: acronym 2015/03/21 v1.41 Support for acronyms (Tobias Oetiker)

(/usr/share/texlive/texmf-dist/tex/latex/bigfoot/suffix.sty
Package: suffix 2006/07/15 1.5a Variant command support
)
(/usr/share/texlive/texmf-dist/tex/generic/xstring/xstring.sty
(/usr/share/texlive/texmf-dist/tex/generic/xstring/xstring.tex
\integerpart=\count401
\decimalpart=\count402
)
Package: xstring 2019/02/06 v1.83 String manipulations (CT)
)
(/usr/share/texlive/texmf-dist/tex/latex/relsize/relsize.sty
Package: relsize 2013/03/29 ver 4.1
)
\AC@clearlist=\toks31
)
(/usr/share/texlive/texmf-dist/tex/latex/tools/tabularx.sty
Package: tabularx 2016/02/03 v2.11b `tabularx' package (DPC)

(/usr/share/texlive/texmf-dist/tex/latex/tools/array.sty
Package: array 2018/12/30 v2.4k Tabular extension package (FMi)
\col@sep=\dimen147
\ar@mcellbox=\box49
\extrarowheight=\dimen148
\NC@list=\toks32
\extratabsurround=\skip89
\backup@length=\skip90
\ar@cellbox=\box50
)
\TX@col@width=\dimen149
\TX@old@table=\dimen150
\TX@old@col=\dimen151
\TX@target=\dimen152
\TX@delta=\dimen153
\TX@cols=\count403
\TX@ftn=\toks33
)
(/usr/share/texlive/texmf-dist/tex/latex/subfig/subfig.sty
Package: subfig 2005/06/28 ver: 1.3 subfig package

(/usr/share/texlive/texmf-dist/tex/latex/caption/caption.sty
Package: caption 2018/10/06 v3.3-154 Customizing captions (AR)

(/usr/share/texlive/texmf-dist/tex/latex/caption/caption3.sty
Package: caption3 2018/09/12 v1.8c caption3 kernel (AR)
Package caption3 Info: TeX engine: e-TeX on input line 64.
\captionmargin=\dimen154
\captionmargin@=\dimen155
\captionwidth=\dimen156
\caption@tempdima=\dimen157
\caption@indent=\dimen158
\caption@parindent=\dimen159
\caption@hangindent=\dimen160
)
Package caption Info: KOMA-Script document class.
\c@caption@flags=\count404
\c@ContinuedFloat=\count405
)
\c@KVtest=\count406
\sf@farskip=\skip91
\sf@captopadj=\dimen161
\sf@capskip=\skip92
\sf@nearskip=\skip93
\c@subfigure=\count407
\c@subfigure@save=\count408
\c@lofdepth=\count409
\c@subtable=\count410
\c@subtable@save=\count411
\c@lotdepth=\count412
\sf@top=\skip94
\sf@bottom=\skip95
)
(/usr/share/texlive/texmf-dist/tex/latex/listings/listings.sty
\lst@mode=\count413
\lst@gtempboxa=\box51
\lst@token=\toks34
\lst@length=\count414
\lst@currlwidth=\dimen162
\lst@column=\count415
\lst@pos=\count416
\lst@lostspace=\dimen163
\lst@width=\dimen164
\lst@newlines=\count417
\lst@lineno=\count418
\lst@maxwidth=\dimen165

(/usr/share/texlive/texmf-dist/tex/latex/listings/lstmisc.sty
File: lstmisc.sty 2018/09/02 1.7 (Carsten Heinz)
\c@lstnumber=\count419
\lst@skipnumbers=\count420
\lst@framebox=\box52
)
(/usr/share/texlive/texmf-dist/tex/latex/listings/listings.cfg
File: listings.cfg 2018/09/02 1.7 listings configuration
))
Package scrhack Info: loading listings hack on input line 139.

(/usr/share/texlive/texmf-dist/tex/latex/koma-script/listings.hak
File: listings.hak 2019/02/01 v3.26b KOMA-Script package (hacking package listi
ngs)
Package tocbasic Info: setting babel extension for `lol' on input line 137.
Package scrhack Info: redefining \lstlistoflistings on input line 137.
)
Package: listings 2018/09/02 1.7 (Carsten Heinz)

(/usr/share/texlive/texmf-dist/tex/latex/listings/lstlang1.sty
File: lstlang1.sty 2018/09/02 1.7 listings language file
)
(/usr/share/texlive/texmf-dist/tex/latex/listings/lstlang2.sty
File: lstlang2.sty 2018/09/02 1.7 listings language file
)
(/usr/share/texlive/texmf-dist/tex/latex/listings/lstlang3.sty
File: lstlang3.sty 2018/09/02 1.7 listings language file
)
(/usr/share/texlive/texmf-dist/tex/latex/listings/lstlang1.sty
File: lstlang1.sty 2018/09/02 1.7 listings language file
)
(/usr/share/texlive/texmf-dist/tex/latex/listings/lstlang2.sty
File: lstlang2.sty 2018/09/02 1.7 listings language file
)
(/usr/share/texlive/texmf-dist/tex/latex/listings/lstlang3.sty
File: lstlang3.sty 2018/09/02 1.7 listings language file
)
(/usr/share/texlive/texmf-dist/tex/latex/listings/lstlang1.sty
File: lstlang1.sty 2018/09/02 1.7 listings language file
)
(/usr/share/texlive/texmf-dist/tex/latex/listings/lstlang2.sty
File: lstlang2.sty 2018/09/02 1.7 listings language file
)
(/usr/share/texlive/texmf-dist/tex/latex/listings/lstlang3.sty
File: lstlang3.sty 2018/09/02 1.7 listings language file
)
(/usr/share/texlive/texmf-dist/tex/latex/listings/lstmisc.sty
File: lstmisc.sty 2018/09/02 1.7 (Carsten Heinz)
)
(/usr/share/texlive/texmf-dist/tex/latex/classicthesis/classicthesis.sty
Package: classicthesis 2018/06/03 v4.6 Typographic style for a classic-looking 
thesis

(/usr/share/texlive/texmf-dist/tex/generic/ifxetex/ifxetex.sty
Package: ifxetex 2010/09/12 v0.6 Provides ifxetex conditional
)
(/usr/share/texlive/texmf-dist/tex/latex/xcolor/xcolor.sty
Package: xcolor 2016/05/11 v2.12 LaTeX color extensions (UK)

(/usr/share/texlive/texmf-dist/tex/latex/graphics-cfg/color.cfg
File: color.cfg 2016/01/02 v1.6 sample color configuration
)
Package xcolor Info: Driver file: pdftex.def on input line 225.
Package xcolor Info: Model `cmy' substituted by `cmy0' on input line 1348.
Package xcolor Info: Model `hsb' substituted by `rgb' on input line 1352.
Package xcolor Info: Model `RGB' extended on input line 1364.
Package xcolor Info: Model `HTML' substituted by `rgb' on input line 1366.
Package xcolor Info: Model `Hsb' substituted by `hsb' on input line 1367.
Package xcolor Info: Model `tHsb' substituted by `hsb' on input line 1368.
Package xcolor Info: Model `HSB' substituted by `hsb' on input line 1369.
Package xcolor Info: Model `Gray' substituted by `gray' on input line 1370.
Package xcolor Info: Model `wave' substituted by `hsb' on input line 1371.

(/usr/share/texlive/texmf-dist/tex/latex/graphics/dvipsnam.def
File: dvipsnam.def 2016/06/17 v3.0m Driver-dependent file (DPC,SPQR)
))
(/usr/share/texlive/texmf-dist/tex/latex/psnfss/mathpazo.sty
Package: mathpazo 2005/04/12 PSNFSS-v9.2a Palatino w/ Pazo Math (D.Puga, WaS) 
\symupright=\mathgroup4
)
(/usr/share/texlive/texmf-dist/tex/latex/bera/beramono.sty
Package: beramono 2004/01/31 (WaS)
)
LaTeX Font Info:    Try loading font information for U+eur on input line 202.

(/usr/share/texlive/texmf-dist/tex/latex/amsfonts/ueur.fd
File: ueur.fd 2013/01/14 v3.01 Euler Roman
)
(/usr/share/texlive/texmf-dist/tex/latex/microtype/microtype.sty
Package: microtype 2019/02/28 v2.7b Micro-typographical refinements (RS)
\MT@toks=\toks35
\MT@count=\count421
LaTeX Info: Redefining \textls on input line 790.
\MT@outer@kern=\dimen166
LaTeX Info: Redefining \textmicrotypecontext on input line 1336.
\MT@listname@count=\count422

(/usr/share/texlive/texmf-dist/tex/latex/microtype/microtype-pdftex.def
File: microtype-pdftex.def 2019/02/28 v2.7b Definitions specific to pdftex (RS)

LaTeX Info: Redefining \lsstyle on input line 914.
LaTeX Info: Redefining \lslig on input line 914.
\MT@outer@space=\skip96
)
Package microtype Info: Loading configuration file microtype.cfg.

(/usr/share/texlive/texmf-dist/tex/latex/microtype/microtype.cfg
File: microtype.cfg 2019/02/28 v2.7b microtype main configuration file (RS)
))
Package classicthesis Info: A4 paper, Palatino or other on input line 251.
Package typearea Info: These are the values describing the layout:
(typearea)             DIV  = areaset
(typearea)             BCOR = 14.22636pt
(typearea)             \paperwidth      = 597.50793pt
(typearea)              \textwidth      = 336.0pt
(typearea)              \evensidemargin = 92.58438pt
(typearea)              \oddsidemargin  = 24.38356pt
(typearea)             \paperheight     = 845.04694pt
(typearea)              \textheight     = 666.04997pt
(typearea)              \topmargin      = -40.58768pt
(typearea)              \headheight     = 15.95pt
(typearea)              \headsep        = 20.40001pt
(typearea)              \topskip        = 11.0pt
(typearea)              \footskip       = 47.60002pt
(typearea)              \baselineskip   = 13.6pt
(typearea)              on input line 251.

(/usr/share/texlive/texmf-dist/tex/latex/mparhack/mparhack.sty
Package: mparhack 2005/04/17 v1.4 (T. Sgouros and S. Ulrich)
)
(/usr/share/texlive/texmf-dist/tex/latex/booktabs/booktabs.sty
Package: booktabs 2016/04/27 v1.618033 publication quality tables
\heavyrulewidth=\dimen167
\lightrulewidth=\dimen168
\cmidrulewidth=\dimen169
\belowrulesep=\dimen170
\belowbottomsep=\dimen171
\aboverulesep=\dimen172
\abovetopsep=\dimen173
\cmidrulesep=\dimen174
\cmidrulekern=\dimen175
\defaultaddspace=\dimen176
\@cmidla=\count423
\@cmidlb=\count424
\@aboverulesep=\dimen177
\@belowrulesep=\dimen178
\@thisruleclass=\count425
\@lastruleclass=\count426
\@thisrulewidth=\dimen179
)
(/usr/share/texlive/texmf-dist/tex/latex/textcase/textcase.sty
Package: textcase 2004/10/07 v0.07 Text only upper/lower case changing (DPC)
)
Package classicthesis Info: Using microtype for character spacing.Make sure you
r pdflatex is version 1.40 or higher. on input line 321.

(/usr/share/texlive/texmf-dist/tex/latex/koma-script/scrlayer-scrpage.sty
Package: scrlayer-scrpage 2019/02/01 v3.26b KOMA-Script package (end user inter
face for scrlayer)

(/usr/share/texlive/texmf-dist/tex/latex/koma-script/scrlayer.sty
Package: scrlayer 2019/02/01 v3.26b KOMA-Script package (defining layers and pa
ge styles)
Package scrlayer Info: Using already defined \footheight
(scrlayer)             hoping, that this is a length and
(scrlayer)             not only a macro on input line 109.
Package scrlayer Info: patching LaTeX kernel macro \pagestyle on input line 208
3.
)
Package scrlayer-scrpage Info: Makeing stand-alone element `pagehead' from
(scrlayer-scrpage)             alias to `pageheadfoot' on input line 1241.
Package scrlayer-scrpage Info: deactivating warning for font element
(scrlayer-scrpage)             `pagefoot' on input line 1268.
)
Package scrlayer-scrpage Info: auto-selection of `pagestyleset=KOMA-Script'.

1: section
1: chapter
1: chapter
1: section
(/usr/share/texlive/texmf-dist/tex/latex/titlesec/titlesec.sty
Package: titlesec 2016/03/21 v2.10.2 Sectioning titles
\ttl@box=\box53
\beforetitleunit=\skip97
\aftertitleunit=\skip98
\ttl@plus=\dimen180
\ttl@minus=\dimen181
\ttl@toksa=\toks36
\titlewidth=\dimen182
\titlewidthlast=\dimen183
\titlewidthfirst=\dimen184
)

Class scrreprt Warning: Activating an ugly workaround for a missing
(scrreprt)              feature of package `titlesec` on input line 362.


Class scrreprt Warning: Usage of package `tocloft' together
(scrreprt)              with a KOMA-Script class is not recommended.
(scrreprt)              I'd suggest to use options like `listof=entryprefix',
(scrreprt)              commands like `\listoflofentryname' or
(scrreprt)              `\listoflotentryname', and `\DeclareTOCStyleEntry' or
(scrreprt)              `\RedeclareSectionCommand' instead of this package,
(scrreprt)              because it breaks several KOMA-Script features of
(scrreprt)              the list of figures, list of tables and table of
(scrreprt)              contents, i.e., options like `listof=numbered',
(scrreprt)              `listof=flat or `toc=flat', commands like
(scrreprt)              `\BeforeTOCHead{...}' and `\AfterTOCHead{...}',
(scrreprt)              `\BeforeStartingTOC{...}' and \AfterStartingTOC{...}',
(scrreprt)              all features of `\DeclareTOCStyleEntry',
(scrreprt)              and the ToC entry features of `\DeclareSecionCommand'
(scrreprt)              and `\RedeclareSectionCommand' of levels
(scrreprt)              `part', `section', `subsection',
(scrreprt)              `subsubsection', `paragraph' and `subparagraph'.
(scrreprt)              Nevertheless, using requested
(scrreprt)              package `tocloft' on input line 416.

(/usr/share/texlive/texmf-dist/tex/latex/tocloft/tocloft.sty
Package: tocloft 2017/08/31 v2.3i parameterised ToC, etc., typesetting
Package tocloft Info: The document has chapter divisions on input line 51.
\cftparskip=\skip99
\cftbeforetoctitleskip=\skip100
\cftaftertoctitleskip=\skip101
\cftbeforepartskip=\skip102
\cftpartnumwidth=\skip103
\cftpartindent=\skip104
\cftbeforechapskip=\skip105
\cftchapindent=\skip106
\cftchapnumwidth=\skip107
\cftbeforesecskip=\skip108
\cftsecindent=\skip109
\cftsecnumwidth=\skip110
\cftbeforesubsecskip=\skip111
\cftsubsecindent=\skip112
\cftsubsecnumwidth=\skip113
\cftbeforesubsubsecskip=\skip114
\cftsubsubsecindent=\skip115
\cftsubsubsecnumwidth=\skip116
\cftbeforeparaskip=\skip117
\cftparaindent=\skip118
\cftparanumwidth=\skip119
\cftbeforesubparaskip=\skip120
\cftsubparaindent=\skip121
\cftsubparanumwidth=\skip122
\cftbeforeloftitleskip=\skip123
\cftafterloftitleskip=\skip124
\cftbeforefigskip=\skip125
\cftfigindent=\skip126
\cftfignumwidth=\skip127
\cftbeforelottitleskip=\skip128
\cftafterlottitleskip=\skip129
\cftbeforetabskip=\skip130
\cfttabindent=\skip131
\cfttabnumwidth=\skip132
\cftbeforesubfigskip=\skip133
\cftsubfigindent=\skip134
\cftsubfignumwidth=\skip135
\cftbeforesubtabskip=\skip136
\cftsubtabindent=\skip137
\cftsubtabnumwidth=\skip138
)
\newnumberwidth=\skip139
\beforebibskip=\skip140
\newchnumberwidth=\skip141
\figurelabelwidth=\skip142
\tablelabelwidth=\skip143
\c@listings=\count427
\cftbeforelistingsskip=\skip144
\cftlistingsindent=\skip145
\cftlistingsnumwidth=\skip146
\c@loldepth=\count428
\cftbeforeloltitleskip=\skip147
\cftafterloltitleskip=\skip148
\listingslabelwidth=\skip149

Using KOMA-command "deffootnote" for footnote setup
(/usr/share/texlive/texmf-dist/tex/latex/koma-script/scrtime.sty
Package: scrtime 2019/02/01 v3.26b KOMA-Script package (time of LaTeX run)
)
(/usr/share/texlive/texmf-dist/tex/latex/ms/prelim2e.sty
Package: prelim2e 2009/05/29 v1.3 prelim2e Package (MS)

(/usr/share/texlive/texmf-dist/tex/latex/ms/everyshi.sty
Package: everyshi 2001/05/15 v3.00 EveryShipout Package (MS)
))
Package scrhack Info: hyperref hack deactivated because of
(scrhack)             detection of KOMA-Script class, that doesn't
(scrhack)             need that hack, on input line 677.

(/usr/share/texlive/texmf-dist/tex/latex/hyperref/hyperref.sty
Package: hyperref 2018/11/30 v6.88e Hypertext links for LaTeX

(/usr/share/texlive/texmf-dist/tex/generic/oberdiek/hobsub-hyperref.sty
Package: hobsub-hyperref 2016/05/16 v1.14 Bundle oberdiek, subset hyperref (HO)


(/usr/share/texlive/texmf-dist/tex/generic/oberdiek/hobsub-generic.sty
Package: hobsub-generic 2016/05/16 v1.14 Bundle oberdiek, subset generic (HO)
Package: hobsub 2016/05/16 v1.14 Construct package bundles (HO)
Package hobsub Info: Skipping package `infwarerr' (already loaded).
Package hobsub Info: Skipping package `ltxcmds' (already loaded).
Package hobsub Info: Skipping package `ifluatex' (already loaded).
Package: ifvtex 2016/05/16 v1.6 Detect VTeX and its facilities (HO)
Package ifvtex Info: VTeX not detected.
Package: intcalc 2016/05/16 v1.2 Expandable calculations with integers (HO)
Package hobsub Info: Skipping package `ifpdf' (already loaded).
Package hobsub Info: Skipping package `etexcmds' (already loaded).
Package hobsub Info: Skipping package `kvsetkeys' (already loaded).
Package: kvdefinekeys 2016/05/16 v1.4 Define keys (HO)
Package hobsub Info: Skipping package `pdftexcmds' (already loaded).
Package: pdfescape 2016/05/16 v1.14 Implements pdfTeX's escape features (HO)
Package: bigintcalc 2016/05/16 v1.4 Expandable calculations on big integers (HO
)
Package: bitset 2016/05/16 v1.2 Handle bit-vector datatype (HO)
Package: uniquecounter 2016/05/16 v1.3 Provide unlimited unique counter (HO)
)
Package hobsub Info: Skipping package `hobsub' (already loaded).
Package: letltxmacro 2016/05/16 v1.5 Let assignment for LaTeX macros (HO)
Package: hopatch 2016/05/16 v1.3 Wrapper for package hooks (HO)
Package: xcolor-patch 2016/05/16 xcolor patch
Package: atveryend 2016/05/16 v1.9 Hooks at the very end of document (HO)
Package: atbegshi 2016/06/09 v1.18 At begin shipout hook (HO)
Package: refcount 2016/05/16 v3.5 Data extraction from label references (HO)
Package: hycolor 2016/05/16 v1.8 Color options for hyperref/bookmark (HO)
)
(/usr/share/texlive/texmf-dist/tex/latex/oberdiek/auxhook.sty
Package: auxhook 2016/05/16 v1.4 Hooks for auxiliary files (HO)
)
\@linkdim=\dimen185
\Hy@linkcounter=\count429
\Hy@pagecounter=\count430

(/usr/share/texlive/texmf-dist/tex/latex/hyperref/pd1enc.def
File: pd1enc.def 2018/11/30 v6.88e Hyperref: PDFDocEncoding definition (HO)
Now handling font encoding PD1 ...
... no UTF-8 mapping file for font encoding PD1
)
\Hy@SavedSpaceFactor=\count431

(/usr/share/texlive/texmf-dist/tex/latex/latexconfig/hyperref.cfg
File: hyperref.cfg 2002/06/06 v1.2 hyperref configuration of TeXLive
)
Package hyperref Info: Option `hyperfootnotes' set `false' on input line 4393.
Package hyperref Info: Hyper figures OFF on input line 4519.
Package hyperref Info: Link nesting OFF on input line 4524.
Package hyperref Info: Hyper index ON on input line 4527.
Package hyperref Info: Plain pages OFF on input line 4534.
Package hyperref Info: Backreferencing OFF on input line 4539.
Package hyperref Info: Implicit mode ON; LaTeX internals redefined.
Package hyperref Info: Bookmarks ON on input line 4772.
\c@Hy@tempcnt=\count432
LaTeX Info: Redefining \url on input line 5125.
\XeTeXLinkMargin=\dimen186
\Fld@menulength=\count433
\Field@Width=\dimen187
\Fld@charsize=\dimen188
Package hyperref Info: Hyper figures OFF on input line 6380.
Package hyperref Info: Link nesting OFF on input line 6385.
Package hyperref Info: Hyper index ON on input line 6388.
Package hyperref Info: backreferencing OFF on input line 6395.
Package hyperref Info: Link coloring OFF on input line 6400.
Package hyperref Info: Link coloring with OCG OFF on input line 6405.
Package hyperref Info: PDF/A mode OFF on input line 6410.
LaTeX Info: Redefining \ref on input line 6450.
LaTeX Info: Redefining \pageref on input line 6454.
\Hy@abspage=\count434
\c@Item=\count435
)
Package hyperref Info: Driver (autodetected): hpdftex.

(/usr/share/texlive/texmf-dist/tex/latex/hyperref/hpdftex.def
File: hpdftex.def 2018/11/30 v6.88e Hyperref driver for pdfTeX
\Fld@listcount=\count436
\c@bookmark@seq@number=\count437

(/usr/share/texlive/texmf-dist/tex/latex/oberdiek/rerunfilecheck.sty
Package: rerunfilecheck 2016/05/16 v1.8 Rerun checks for auxiliary files (HO)
Package uniquecounter Info: New unique counter `rerunfilecheck' on input line 2
82.
)
\Hy@SectionHShift=\skip150
)
Package hyperref Info: Option `colorlinks' set `true' on input line 679.
Package hyperref Info: Option `linktocpage' set `true' on input line 679.
Package hyperref Info: Option `breaklinks' set `true' on input line 679.
)
Package hyperref Info: Option `colorlinks' set `true' on input line 192.
Package hyperref Info: Option `linktocpage' set `true' on input line 192.
Package hyperref Info: Option `breaklinks' set `true' on input line 192.
Package hyperref Info: Option `pageanchor' set `true' on input line 192.
Package hyperref Info: Option `plainpages' set `false' on input line 192.
Package hyperref Info: Option `bookmarksnumbered' set `true' on input line 192.

Package hyperref Info: Option `bookmarksopen' set `true' on input line 192.
Package hyperref Info: Option `hypertexnames' set `true' on input line 192.
)
Package csquotes Info: Checking for multilingual support...
Package csquotes Info: ... found 'babel' package.
Package csquotes Info: Adjusting default style.
Package csquotes Info: Redefining alias 'default' -> 'american'.
Package biblatex Info: Trying to load language 'american'...
Package biblatex Info: ... file 'american.lbx' found.

(/usr/share/texlive/texmf-dist/tex/latex/biblatex/lbx/american.lbx
File: american.lbx 2018/11/02 v3.12 biblatex localization (PK/MW)
Package biblatex Info: Trying to load language 'english'...
Package biblatex Info: ... file 'english.lbx' found.

(/usr/share/texlive/texmf-dist/tex/latex/biblatex/lbx/english.lbx
File: english.lbx 2018/11/02 v3.12 biblatex localization (PK/MW)
)
Package biblatex Info: Trying to load language 'english'...
Package biblatex Info: ... file 'english.lbx' found.

(/usr/share/texlive/texmf-dist/tex/latex/biblatex/lbx/english.lbx
File: english.lbx 2018/11/02 v3.12 biblatex localization (PK/MW)
))
Package biblatex Info: Trying to load language 'ngerman'...
Package biblatex Info: ... file 'ngerman.lbx' found.

(/usr/share/texlive/texmf-dist/tex/latex/biblatex/lbx/ngerman.lbx
File: ngerman.lbx 2018/11/02 v3.12 biblatex localization (PK/MW)
Package biblatex Info: Trying to load language 'german'...
Package biblatex Info: ... file 'german.lbx' found.

(/usr/share/texlive/texmf-dist/tex/latex/biblatex/lbx/german.lbx
File: german.lbx 2018/11/02 v3.12 biblatex localization (PK/MW)
)
Package biblatex Info: Trying to load language 'german'...
Package biblatex Info: ... file 'german.lbx' found.

(/usr/share/texlive/texmf-dist/tex/latex/biblatex/lbx/german.lbx
File: german.lbx 2018/11/02 v3.12 biblatex localization (PK/MW)
))
(./thesis.aux (./FrontBackmatter/firstpage_submit.aux)
(./FrontBackmatter/Dedication.aux) (./FrontBackmatter/Abstract.aux)
(./FrontBackmatter/Publications.aux) (./FrontBackmatter/Acknowledgments.aux)
(./FrontBackmatter/Contents.aux) (./Chapters/Chapter0.aux)
(./Chapters/Chapter01.aux) (./Chapters/Chapter02.aux) (./Chapters/Chapter03.aux
) (./Chapters/Chapter04.aux

LaTeX Warning: Label `ch:introduction' multiply defined.


LaTeX Warning: Label `sec:folding_bench' multiply defined.


LaTeX Warning: Label `sec:custom' multiply defined.

) (./Chapters/Chapter05.aux

LaTeX Warning: Label `ch:introduction' multiply defined.

) (./Chapters/Chapter06.aux) (./Chapters/Chapter07.aux

LaTeX Warning: Label `ch:introduction' multiply defined.

) (./Chapters/Chapter08.aux) (./Chapters/Chapter0A.aux)
(./FrontBackmatter/Bibliography.aux) (./FrontBackmatter/Declaration.aux)
(./FrontBackmatter/Colophon.aux))
\openout1 = `thesis.aux'.

LaTeX Font Info:    Checking defaults for OML/cmm/m/it on input line 59.
LaTeX Font Info:    ... okay on input line 59.
LaTeX Font Info:    Checking defaults for T1/cmr/m/n on input line 59.
LaTeX Font Info:    ... okay on input line 59.
LaTeX Font Info:    Checking defaults for OT1/cmr/m/n on input line 59.
LaTeX Font Info:    ... okay on input line 59.
LaTeX Font Info:    Checking defaults for OMS/cmsy/m/n on input line 59.
LaTeX Font Info:    ... okay on input line 59.
LaTeX Font Info:    Checking defaults for OMX/cmex/m/n on input line 59.
LaTeX Font Info:    ... okay on input line 59.
LaTeX Font Info:    Checking defaults for U/cmr/m/n on input line 59.
LaTeX Font Info:    ... okay on input line 59.
LaTeX Font Info:    Checking defaults for PD1/pdf/m/n on input line 59.
LaTeX Font Info:    ... okay on input line 59.
LaTeX Font Info:    Try loading font information for T1+pplj on input line 59.

(/usr/share/texlive/texmf-dist/tex/latex/psnfss/t1pplj.fd
File: t1pplj.fd 2004/09/06 font definitions for T1/pplj.
)
Package biblatex Info: Input encoding 'utf8' detected.
Package biblatex Info: Data encoding 'ascii' specified.
(biblatex)             No need to reencode data.
Package biblatex Info: Input encoding 'utf8' specified.
Package biblatex Info: Data encoding 'ascii' specified.
(biblatex)             No need to reencode data.
\openout3 = `thesis-blx.bib'.

Package biblatex Info: Trying to load bibliographic data...
Package biblatex Info: ... file 'thesis.bbl' not found.

No file thesis.bbl.
Package biblatex Info: ... file 'thesis1-blx.bbl' not found.
No file thesis1-blx.bbl.
Package biblatex Info: Reference section=0 on input line 59.
Package biblatex Info: Reference segment=0 on input line 59.
(/usr/share/texlive/texmf-dist/tex/context/base/mkii/supp-pdf.mkii
[Loading MPS to PDF converter (version 2006.09.02).]
\scratchcounter=\count438
\scratchdimen=\dimen189
\scratchbox=\box54
\nofMPsegments=\count439
\nofMParguments=\count440
\everyMPshowfont=\toks37
\MPscratchCnt=\count441
\MPscratchDim=\dimen190
\MPnumerator=\count442
\makeMPintoPDFobject=\count443
\everyMPtoPDFconversion=\toks38
) (/usr/share/texlive/texmf-dist/tex/latex/oberdiek/epstopdf-base.sty
Package: epstopdf-base 2016/05/15 v2.6 Base part for package epstopdf

(/usr/share/texlive/texmf-dist/tex/latex/oberdiek/grfext.sty
Package: grfext 2016/05/16 v1.2 Manage graphics extensions (HO)
)
Package epstopdf-base Info: Redefining graphics rule for `.eps' on input line 4
38.
Package grfext Info: Graphics extension search list:
(grfext)             [.pdf,.png,.jpg,.mps,.jpeg,.jbig2,.jb2,.PDF,.PNG,.JPG,.JPE
G,.JBIG2,.JB2,.eps]
(grfext)             \AppendGraphicsExtensions on input line 456.

(/usr/share/texlive/texmf-dist/tex/latex/latexconfig/epstopdf-sys.cfg
File: epstopdf-sys.cfg 2010/07/13 v1.3 Configuration of (r)epstopdf for TeX Liv
e
))
Package caption Info: Begin \AtBeginDocument code.
Package caption Info: subfig package v1.3 is loaded.
Package caption Info: hyperref package is loaded.
Package caption Info: listings package is loaded.
Package caption Info: End \AtBeginDocument code.
\c@lstlisting=\count444
Package scrhack Info: undefining \float@addtolists on input line 59.
LaTeX Info: Redefining \microtypecontext on input line 59.
Package microtype Info: Generating PDF output.
Package microtype Info: Character protrusion enabled (level 2).
Package microtype Info: Using default protrusion set `alltext'.
Package microtype Info: Automatic font expansion enabled (level 2),
(microtype)             stretch: 20, shrink: 20, step: 1, non-selected.
Package microtype Info: Using default expansion set `basictext'.
Package microtype Info: No adjustment of tracking.
Package microtype Info: No adjustment of interword spacing.
Package microtype Info: No adjustment of character kerning.

(/usr/share/texlive/texmf-dist/tex/latex/microtype/mt-ppl.cfg
File: mt-ppl.cfg 2005/11/16 v1.6 microtype config. file: Palatino (RS)
)
ABD: EveryShipout initializing macros
\AtBeginShipoutBox=\box55
Package hyperref Info: Link coloring ON on input line 59.

(/usr/share/texlive/texmf-dist/tex/latex/hyperref/nameref.sty
Package: nameref 2016/05/21 v2.44 Cross-referencing by name of section

(/usr/share/texlive/texmf-dist/tex/generic/oberdiek/gettitlestring.sty
Package: gettitlestring 2016/05/16 v1.5 Cleanup title references (HO)
)
\c@section@level=\count445
)
LaTeX Info: Redefining \ref on input line 59.
LaTeX Info: Redefining \pageref on input line 59.
LaTeX Info: Redefining \nameref on input line 59.

(./thesis.out) (./thesis.out)
\@outlinefile=\write4
\openout4 = `thesis.out'.

Class scrreprt Info: loading recommended package `bookmark'.
(scrreprt)           Using `bookmark' together with `hyperref' is recommended,
(scrreprt)           because of handling of possible bookmark level gaps.
(scrreprt)           You can avoid loading `bookmark' with KOMA-Script option
(scrreprt)           `bookmarkpackage=false' before \begin{document} and
(scrreprt)           you can avoid this message with `\usepackage{bookmark}'
(scrreprt)           before \begin{document} on input line 59.

(/usr/share/texlive/texmf-dist/tex/latex/oberdiek/bookmark.sty
Package: bookmark 2016/05/17 v1.26 PDF bookmarks (HO)

(/usr/share/texlive/texmf-dist/tex/latex/oberdiek/bkm-pdftex.def
File: bkm-pdftex.def 2016/05/17 v1.26 bookmark driver for pdfTeX (HO)
Package auxhook Info: \AddLineBeginMainAux comes a little late,
(auxhook)             because the main .aux file is already opened on input lin
e 164.
\BKM@id=\count446
))
\openout2 = `FrontBackmatter/firstpage_submit.aux'.


(./FrontBackmatter/firstpage_submit.tex
LaTeX Font Info:    Font shape `T1/pplj/bx/n' in size <10.95> not available
(Font)              Font shape `T1/pplj/b/n' tried instead on input line 39.
) [1


{/var/lib/texmf/fonts/map/pdftex/updmap/pdftex.map}] [2



]
\openout2 = `FrontBackmatter/Dedication.aux'.

 (./FrontBackmatter/Dedication.tex) [3

] [4



]
\openout2 = `FrontBackmatter/Abstract.aux'.


(./FrontBackmatter/Abstract.tex
LaTeX Font Info:    Try loading font information for OT1+pplx on input line 12.


(/usr/share/texlive/texmf-dist/tex/latex/psnfss/ot1pplx.fd
File: ot1pplx.fd 2004/09/06 font definitions for OT1/pplx.
)
LaTeX Font Info:    Try loading font information for OML+zplm on input line 12.


(/usr/share/texlive/texmf-dist/tex/latex/psnfss/omlzplm.fd
File: omlzplm.fd 2002/09/08 Fontinst v1.914 font definitions for OML/zplm.
)
LaTeX Font Info:    Try loading font information for OMS+zplm on input line 12.


(/usr/share/texlive/texmf-dist/tex/latex/psnfss/omszplm.fd
File: omszplm.fd 2002/09/08 Fontinst v1.914 font definitions for OMS/zplm.
)
LaTeX Font Info:    Try loading font information for OMX+zplm on input line 12.


(/usr/share/texlive/texmf-dist/tex/latex/psnfss/omxzplm.fd
File: omxzplm.fd 2002/09/08 Fontinst v1.914 font definitions for OMX/zplm.
)
LaTeX Font Info:    Try loading font information for OT1+zplm on input line 12.


(/usr/share/texlive/texmf-dist/tex/latex/psnfss/ot1zplm.fd
File: ot1zplm.fd 2002/09/08 Fontinst v1.914 font definitions for OT1/zplm.
)
Package microtype Info: Loading generic protrusion settings for font family
(microtype)             `zplm' (encoding: OT1).
(microtype)             For optimal results, create family-specific settings.
(microtype)             See the microtype manual for details.
LaTeX Font Info:    Try loading font information for T1+fvm on input line 16.

(/usr/share/texlive/texmf-dist/tex/latex/bera/t1fvm.fd
File: t1fvm.fd 2004/09/07 scalable font definitions for T1/fvm.
)
LaTeX Font Info:    Font shape `T1/fvm/m/n' will be
(Font)              scaled to size 9.30756pt on input line 16.
Package microtype Info: Loading generic protrusion settings for font family
(microtype)             `fvm' (encoding: T1).
(microtype)             For optimal results, create family-specific settings.
(microtype)             See the microtype manual for details.
) [5

] [6



]
\openout2 = `FrontBackmatter/Publications.aux'.


(./FrontBackmatter/Publications.tex
\blx@maxsegment@1=\count447
\blx@sectionciteorder@1=\count448
Package biblatex Info: Reference section=1 on input line 10.
\openout3 = `thesis1-blx.aux'.

Package biblatex Info: Setting label 'refsection:1' on input line 10.


LaTeX Warning: Empty bibliography on input line 13.

Package biblatex Info: Reference section=0 on input line 14.
)
Overfull \hbox (1.76471pt too wide) in paragraph at lines 16--76
[]\T1/pplj/m/it/10.95 (-20) Attention\T1/pplj/m/n/10.95 (-20) : This re-quires 
a sep-a-rate run of \T1/fvm/m/n/10.95 bibtex \T1/pplj/m/n/10.95 (-20) for your 
\T1/fvm/m/n/10.95 refsection\T1/pplj/m/n/10.95 (-20) ,
 []

[7



] [8



]
\openout2 = `FrontBackmatter/Acknowledgments.aux'.

 (./FrontBackmatter/Acknowledgments.tex
LaTeX Font Info:    Font shape `T1/pplj/m/sl' in size <10.95> not available
(Font)              Font shape `T1/pplj/m/it' tried instead on input line 6.


LaTeX Warning: Citation 'knuth:1974' on page 9 undefined on input line 11.


LaTeX Warning: Citation 'knuth:1974' on page 9 undefined on input line 11.

) [9

] [10



]
\openout2 = `FrontBackmatter/Contents.aux'.

 (./FrontBackmatter/Contents.tex
Package tocbasic Info: character protrusion at toc deactivated on input line 11
.
 (./thesis.toc
Package microtype Info: Character `029' is missing
(microtype)             in font `T1/pplj/m/sc/10.95'.
(microtype)             Ignoring protrusion settings for this character.

Overfull \hbox (6.92691pt too wide) in paragraph at lines 27--27
 [][] []\T1/pplj/m/n/10.95 (-20) non-coding RNAs and their bi-o-log-i-cal im-pl
i-ca-tions []  
 []


Overfull \hbox (17.03055pt too wide) in paragraph at lines 35--35
 [][] []\T1/pplj/m/n/10.95 (-20) Stability and pre-dic-tion of RNA sec-ondary s
truc-tures []  
 []


Overfull \hbox (29.21335pt too wide) in paragraph at lines 51--51
 [][] []\T1/pplj/m/n/10.95 (-20) Biological mo-ti-va-tion and biotech-no-log-i-
cal im-pli-ca-tions []  
 []


Overfull \hbox (4.6223pt too wide) in paragraph at lines 59--59
 [][] []\T1/pplj/m/n/10.95 (-20) Pseudoknot-free RNA in-verse fold-ing tools []
  
 []


LaTeX Font Warning: Font shape `T1/fvm/m/sc' undefined
(Font)              using `T1/fvm/m/n' instead on input line 87.


Overfull \hbox (14.9986pt too wide) in paragraph at lines 91--91
 [][] []\T1/pplj/m/sc/10.95/80ls (-20) rafft and con-tin-u-ous tran-si-tion in 
evo-lu-tion []  
 []

[11



])
\tf@toc=\write5
\openout5 = `thesis.toc'.


1: section
1: chapter
1: chapter
1: section
[12]
Package tocbasic Info: character protrusion at lof deactivated on input line 29
.
 (./thesis.lof
LaTeX Font Info:    Font shape `T1/fvm/bx/n' in size <10.95> not available
(Font)              Font shape `T1/fvm/b/n' tried instead on input line 41.
LaTeX Font Info:    Font shape `T1/fvm/b/n' will be
(Font)              scaled to size 9.30756pt on input line 41.

Overfull \hbox (7.18208pt too wide) in paragraph at lines 43--43
 [][] []\T1/pplj/b/n/10.95 Algorithm ex-e-cu-tion for one ex-am-ple se-quence 
 []

[13

] [14]
LaTeX Font Info:    Font shape `T1/pplj/bx/it' in size <10.95> not available
(Font)              Font shape `T1/pplj/b/it' tried instead on input line 51.
)
\tf@lof=\write6
\openout6 = `thesis.lof'.

 [15]
Package tocbasic Info: character protrusion at lot deactivated on input line 39
.
 (./thesis.lot)
\tf@lot=\write7
\openout7 = `thesis.lot'.

 (./thesis.lol)
\tf@lol=\write8
\openout8 = `thesis.lol'.

 [16]) [17] [18



]
\openout2 = `Chapters/Chapter0.aux'.


(./Chapters/Chapter0.tex
Chapter 0.
) [1





] [2



] [3] [4]
\openout2 = `Chapters/Chapter01.aux'.

 (./Chapters/Chapter01.tex
Chapter 1.
LaTeX Font Info:    Try loading font information for OMS+pplj on input line 14.

LaTeX Font Info:    No file OMSpplj.fd. on input line 14.

LaTeX Font Warning: Font shape `OMS/pplj/m/n' undefined
(Font)              using `OMS/cmsy/m/n' instead
(Font)              for symbol `textbullet' on input line 14.

[5



]

LaTeX Warning: Citation 'zadeh2011nucleic' on page 6 undefined on input line 86
.

[6])
Package microtype Info: Character `029' is missing
(microtype)             in font `T1/pplj/m/sc/10'.
(microtype)             Ignoring protrusion settings for this character.
 [7]
\openout2 = `Chapters/Chapter02.aux'.

 (./Chapters/Chapter02.tex
Chapter 2.
[8




] [9]) [10]
\openout2 = `Chapters/Chapter03.aux'.

 (./Chapters/Chapter03.tex
Chapter 3.
LaTeX Font Info:    Font shape `T1/fvm/m/it' in size <9> not available
(Font)              Font shape `T1/fvm/m/sl' tried instead on input line 9.
LaTeX Font Info:    Font shape `T1/fvm/m/sl' will be
(Font)              scaled to size 7.65005pt on input line 9.
[11




]
Overfull \hbox (3.80742pt too wide) in paragraph at lines 36--38
[]\T1/fvm/m/n/10.95 MODENA MODENA \T1/pplj/m/n/10.95 (-20) or Multi-objective D
e-sign of Nu-cleic Acids (Taneda
 []


LaTeX Warning: Citation 'nemo2018' on page 12 undefined on input line 39.


LaTeX Warning: Citation 'shi2018sentrna' on page 12 undefined on input line 40.


[12]) [13]
\openout2 = `Chapters/Chapter04.aux'.

 (./Chapters/Chapter04.tex
Chapter 4.
[14




]

LaTeX Warning: Citation 'shi2018sentrna' on page 15 undefined on input line 38.



LaTeX Warning: Citation 'garcia2013rnaifold' on page 15 undefined on input line
 43.


LaTeX Warning: Citation 'esmaili2015erd' on page 15 undefined on input line 43.



LaTeX Warning: Citation 'taneda2011modena' on page 15 undefined on input line 4
3.


LaTeX Warning: Citation 'esmaili2015erd' on page 15 undefined on input line 43.



LaTeX Warning: Citation 'shi2018sentrna' on page 15 undefined on input line 43.



Overfull \hbox (37.74945pt too wide) in paragraph at lines 42--44
\T1/pplj/m/n/10.95 (-20) con-tains $\OT1/pplx/m/n/10.95 29$ \T1/pplj/m/n/10.95 
(-20) tar-gets col-lected from Rfam and also used in [[],
 []

[15]

LaTeX Warning: Citation 'Eterna' on page 16 undefined on input line 45.


LaTeX Warning: Citation 'Turn1999' on page 16 undefined on input line 45.


LaTeX Warning: Citation 'Eterna' on page 16 undefined on input line 45.


LaTeX Warning: Reference `Fig:pk_type' on page 16 undefined on input line 47.

) [16]
\openout2 = `Chapters/Chapter05.aux'.

 (./Chapters/Chapter05.tex
Chapter 5.
) [17




] [18



] [19


] [20]
\openout2 = `Chapters/Chapter06.aux'.

 (./Chapters/Chapter06.tex
Chapter 6.
[21



]
<../res/images/rafft/fast_paths_graph.png, id=298, 461.0826pt x 252.4632pt>
File: ../res/images/rafft/fast_paths_graph.png Graphic file (type png)
<use ../res/images/rafft/fast_paths_graph.png>
Package pdftex.def Info: ../res/images/rafft/fast_paths_graph.png  used on inpu
t line 35.
(pdftex.def)             Requested size: 336.0pt x 183.9807pt.
LaTeX Font Info:    Font shape `T1/pplj/bx/n' in size <10> not available
(Font)              Font shape `T1/pplj/b/n' tried instead on input line 36.
LaTeX Font Info:    Font shape `T1/fvm/bx/n' in size <10> not available
(Font)              Font shape `T1/fvm/b/n' tried instead on input line 36.
LaTeX Font Info:    Font shape `T1/fvm/b/n' will be
(Font)              scaled to size 8.50006pt on input line 36.
LaTeX Font Info:    Font shape `T1/fvm/m/n' will be
(Font)              scaled to size 8.50006pt on input line 36.


LaTeX Warning: Citation 'darty09_varna' on page 22 undefined on input line 36.


LaTeX Warning: Citation 'darty09_varna' on page 22 undefined on input line 36.

<../res/images/rafft/algo_draw.png, id=300, 553.3473pt x 365.9271pt>
File: ../res/images/rafft/algo_draw.png Graphic file (type png)
<use ../res/images/rafft/algo_draw.png>
Package pdftex.def Info: ../res/images/rafft/algo_draw.png  used on input line 
42.
(pdftex.def)             Requested size: 235.19897pt x 155.5365pt.
[22 <../res/images/rafft/fast_paths_graph.png>]

LaTeX Warning: Citation 'lorenz11_vienn_packag' on page 23 undefined on input l
ine 57.

[23 <../res/images/rafft/algo_draw.png>]

LaTeX Warning: Reference `comp_plot' on page 24 undefined on input line 61.


LaTeX Warning: Citation 'pan97_foldin_rna_invol_paral_pathw' on page 24 undefin
ed on input line 86.

[24]

LaTeX Warning: Citation 'lorenz20_effic_comput_base_probab_multi_rna_foldin' on
 page 25 undefined on input line 88.


LaTeX Warning: Citation 'klemm2008funnels' on page 25 undefined on input line 8
8.


Overfull \hbox (13.59515pt too wide) in paragraph at lines 88--89
\T1/pplj/m/n/10.95 (-20) Markov chain [[]],
 []

[25]

LaTeX Warning: Citation 'andronescu08_rna_stran' on page 26 undefined on input 
line 104.


LaTeX Warning: Citation 'brown98_ribon_p_datab' on page 26 undefined on input l
ine 104.


LaTeX Warning: Citation 'bellaousov10_probk' on page 26 undefined on input line
 104.


LaTeX Warning: Citation 'daub08_rna_wikip' on page 26 undefined on input line 1
04.


LaTeX Warning: Citation 'damberger94_compar_datab_group_i_intron_struc' on page
 26 undefined on input line 104.


LaTeX Warning: Citation 'zwieb00_tmrdb' on page 26 undefined on input line 104.



LaTeX Warning: Citation 'zwieb03_tmrdb' on page 26 undefined on input line 104.



LaTeX Warning: Citation 'waring84_asses_model_intron_rna_secon' on page 26 unde
fined on input line 104.


LaTeX Warning: Citation 'specht97_compil_rrna_rrna_gene_sequen' on page 26 unde
fined on input line 104.


LaTeX Warning: Citation 'sprinzl98_compil_trna_sequen_sequen_trna_genes' on pag
e 26 undefined on input line 104.


LaTeX Warning: Citation 'sloma16_exact_calcul_loop_format_probab' on page 26 un
defined on input line 104.


LaTeX Warning: Citation 'schnare96_compr_compar_struc_charac_eukar' on page 26 
undefined on input line 104.


LaTeX Warning: Citation 'mathews99_expan_sequen_depen_therm_param' on page 26 u
ndefined on input line 104.


LaTeX Warning: Citation 'samuelsson99_signal_recog_partic_datab_srpdb' on page 
26 undefined on input line 104.


LaTeX Warning: Citation 'gutell93_compil_large_subun_like_ribos_rna_struc' on p
age 26 undefined on input line 104.


LaTeX Warning: Citation 'gutell94_collec_small_subun_like_ribos_rna_struc' on p
age 26 undefined on input line 104.


LaTeX Warning: Citation 'gardner09_rfam' on page 26 undefined on input line 104
.


Overfull \hbox (41.71082pt too wide) in paragraph at lines 104--105
\T1/pplj/m/n/10.95 (-20) the \T1/fvm/m/n/10.95 ArchiveII \T1/pplj/m/n/10.95 (-2
0) dataset de-rived from mul-ti-ple sources [[],
 []


Overfull \hbox (250.38947pt too wide) in paragraph at lines 104--105
[]\T1/pplj/m/n/10.95 (-20) , [], [], [],
 []


Overfull \hbox (37.72757pt too wide) in paragraph at lines 104--105
[]\T1/pplj/m/n/10.95 (-20) , [], [],
 []


Overfull \hbox (132.22368pt too wide) in paragraph at lines 104--105
[]\T1/pplj/m/n/10.95 (-20) , [],
 []


Overfull \hbox (115.02122pt too wide) in paragraph at lines 104--105
[]\T1/pplj/m/n/10.95 (-20) , [],
 []


Overfull \hbox (151.76942pt too wide) in paragraph at lines 104--105
[]\T1/pplj/m/n/10.95 (-20) , [],
 []


Overfull \hbox (179.25386pt too wide) in paragraph at lines 104--105
[]\T1/pplj/m/n/10.95 (-20) , [],
 []

[26]

LaTeX Warning: Citation 'mathews19_how_to_bench_rna_secon' on page 27 undefined
 on input line 117.


LaTeX Warning: Citation 'shapiro1990comparing' on page 27 undefined on input li
ne 121.

[27]
<../res/images/rafft/perf_illed.png, id=340, 552.1428pt x 582.7371pt>
File: ../res/images/rafft/perf_illed.png Graphic file (type png)
<use ../res/images/rafft/perf_illed.png>
Package pdftex.def Info: ../res/images/rafft/perf_illed.png  used on input line
 126.
(pdftex.def)             Requested size: 302.39795pt x 319.15485pt.


LaTeX Warning: Citation 'amman13_troub_long_range_base_pairs_rna_foldin' on pag
e 28 undefined on input line 132.

[28 <../res/images/rafft/perf_illed.png>]
<../res/images/rafft/test_case.png, id=351, 564.6696pt x 264.99pt>
File: ../res/images/rafft/test_case.png Graphic file (type png)
<use ../res/images/rafft/test_case.png>
Package pdftex.def Info: ../res/images/rafft/test_case.png  used on input line 
138.
(pdftex.def)             Requested size: 302.39795pt x 141.91179pt.
 [29] [30 <../res/images/rafft/test_case.png>]
<../res/images/rafft/kinetic_treekin.png, id=367, 580.0872pt x 271.9761pt>
File: ../res/images/rafft/kinetic_treekin.png Graphic file (type png)
<use ../res/images/rafft/kinetic_treekin.png>
Package pdftex.def Info: ../res/images/rafft/kinetic_treekin.png  used on input
 line 150.
(pdftex.def)             Requested size: 302.39795pt x 141.78528pt.


LaTeX Warning: Citation 'flamm02_barrier_trees_degen_lands' on page 31 undefine
d on input line 154.


LaTeX Warning: Citation 'lorenz11_vienn_packag' on page 31 undefined on input l
ine 154.


LaTeX Warning: Citation 'flamm02_barrier_trees_degen_lands' on page 31 undefine
d on input line 154.


Overfull \hbox (120.35866pt too wide) in paragraph at lines 154--155
[]\T1/pplj/m/n/10.95 (-20) Our ki-netic sim-u-la-tion was then com-pared to \T1
/fvm/m/n/10.95 Treekin \T1/pplj/m/n/10.95 (-20) [[]].
 []


Overfull \hbox (86.46935pt too wide) in paragraph at lines 154--155
\T1/pplj/m/n/10.95 (-20) into $\OT1/pplx/m/n/10.95 40$ \T1/pplj/m/n/10.95 (-20)
 com-pet-ing basins us-ing the tool \T1/fvm/m/n/10.95 barriers \T1/pplj/m/n/10.
95 (-20) [[]],
 []

[31 <../res/images/rafft/kinetic_treekin.png>]
<../res/images/rafft/kine_bi_sta.png, id=383, 554.5518pt x 314.8563pt>
File: ../res/images/rafft/kine_bi_sta.png Graphic file (type png)
<use ../res/images/rafft/kine_bi_sta.png>
Package pdftex.def Info: ../res/images/rafft/kine_bi_sta.png  used on input lin
e 160.
(pdftex.def)             Requested size: 302.39795pt x 171.69656pt.
LaTeX Font Info:    Font shape `T1/pplj/bx/it' in size <10> not available
(Font)              Font shape `T1/pplj/b/it' tried instead on input line 161.
 [32] [33 <../res/images/rafft/kine_bi_sta.png>])
Overfull \hbox (46.02655pt too wide) in paragraph at lines 182--98
\T1/pplj/m/n/10.95 (-20) used in this manuscript are avail-able at [][]$\T1/fvm
/m/n/10.95 https : / / github . com / strevol-[]mpi-[]mis /
 []

[34] [35]
\openout2 = `Chapters/Chapter07.aux'.

 (./Chapters/Chapter07.tex
Chapter 7.
[36




]
LaTeX Font Info:    Font shape `T1/fvm/m/sc' will be
(Font)              scaled to size 9.30756pt on input line 2.


LaTeX Warning: Citation 'merleau2021simple' on page 37 undefined on input line 
12.

[37]

LaTeX Warning: File `figures/bino_zipf.pdf' not found on input line 29.


! Package pdftex.def Error: File `figures/bino_zipf.pdf' not found: using draft
 setting.

See the pdftex.def package documentation for explanation.
Type  H <return>  for immediate help.
 ...                                              
                                                  
l.29 ...dth=1.0 \linewidth]{figures/bino_zipf.pdf}
                                                  
Try typing  <return>  to proceed.
If that doesn't work, type  X <return>  to quit.

LaTeX Font Info:    Font shape `T1/fvm/m/sc' will be
(Font)              scaled to size 8.50006pt on input line 40.

Overfull \hbox (114.52754pt too wide) has occurred while \output is active
[]|[]|  
 []

[38]
<../res/images/arnaque/pk_type.pdf, id=418, 1027.84pt x 770.88pt>
File: ../res/images/arnaque/pk_type.pdf Graphic file (type pdf)
<use ../res/images/arnaque/pk_type.pdf>
Package pdftex.def Info: ../res/images/arnaque/pk_type.pdf  used on input line 
52.
(pdftex.def)             Requested size: 336.0pt x 252.00337pt.


LaTeX Warning: Reference `Fig:histomut' on page 39 undefined on input line 56.


LaTeX Warning: Reference `Algo:L\IeC {\'e}vy' on page 39 undefined on input lin
e 62.


Overfull \hbox (114.52754pt too wide) has occurred while \output is active
 []|[]|
 []

[39 <../res/images/arnaque/pk_type.pdf>]

! LaTeX Error: Environment algorithm undefined.

See the LaTeX manual or LaTeX Companion for explanation.
Type  H <return>  for immediate help.
 ...                                              
                                                  
l.65 \begin{algorithm}
                      [b!]
Your command was ignored.
Type  I <command> <return>  to replace it with another command,
or  <return>  to continue without it.

! Undefined control sequence.
l.66 	\tcc
          {$P'=\{S'_1\dots S'_n\}$: the mutated population\;
The control sequence at the end of the top line
of your error message was never \def'ed. If you have
misspelled it (e.g., `\hobx'), type `I' and the correct
spelling (e.g., `I\hbox'). Otherwise just continue,
and I'll forget about whatever was undefined.

! Undefined control sequence.
l.71 	\KwInput
              {$P$, $\mathcal{D}(p, L)$, $P_{C}$,  $P_{N}$}
The control sequence at the end of the top line
of your error message was never \def'ed. If you have
misspelled it (e.g., `\hobx'), type `I' and the correct
spelling (e.g., `I\hbox'). Otherwise just continue,
and I'll forget about whatever was undefined.

! Undefined control sequence.
l.72 	\KwOutput
               {$P'$}
The control sequence at the end of the top line
of your error message was never \def'ed. If you have
misspelled it (e.g., `\hobx'), type `I' and the correct
spelling (e.g., `I\hbox'). Otherwise just continue,
and I'll forget about whatever was undefined.

! Undefined control sequence.
l.73 ...}(p,L)$, where $i\in \{1,2,\dots,n\}$ \tcp
                                                  *{Draw $n$ random numbers ...
The control sequence at the end of the top line
of your error message was never \def'ed. If you have
misspelled it (e.g., `\hobx'), type `I' and the correct
spelling (e.g., `I\hbox'). Otherwise just continue,
and I'll forget about whatever was undefined.

! Undefined control sequence.
l.74 ...}(p,L)$, where $i\in \{1,2,\dots,n\}$ \tcp
                                                  *{Draw $n$ random numbers ...
The control sequence at the end of the top line
of your error message was never \def'ed. If you have
misspelled it (e.g., `\hobx'), type `I' and the correct
spelling (e.g., `I\hbox'). Otherwise just continue,
and I'll forget about whatever was undefined.

! Undefined control sequence.
l.76 	\For
          { $i \in \{1, 2, \dots, n\}$ }{
The control sequence at the end of the top line
of your error message was never \def'ed. If you have
misspelled it (e.g., `\hobx'), type `I' and the correct
spelling (e.g., `I\hbox'). Otherwise just continue,
and I'll forget about whatever was undefined.

! Undefined control sequence.
l.77 		$S'\leftarrow P_i$ \tcp
                              *{Assign the sequence $S_i \in P$ to $S'$ }
The control sequence at the end of the top line
of your error message was never \def'ed. If you have
misspelled it (e.g., `\hobx'), type `I' and the correct
spelling (e.g., `I\hbox'). Otherwise just continue,
and I'll forget about whatever was undefined.

! Undefined control sequence.
l.78 		\For
           { $j \in \{1,2,...U_i\}$}{
The control sequence at the end of the top line
of your error message was never \def'ed. If you have
misspelled it (e.g., `\hobx'), type `I' and the correct
spelling (e.g., `I\hbox'). Otherwise just continue,
and I'll forget about whatever was undefined.

! Undefined control sequence.
l.79 ...in \{1,2,\dots, L\} \sim \mathcal{U}$ \tcp
                                                  *{select uniformly a rando...
The control sequence at the end of the top line
of your error message was never \def'ed. If you have
misspelled it (e.g., `\hobx'), type `I' and the correct
spelling (e.g., `I\hbox'). Otherwise just continue,
and I'll forget about whatever was undefined.

! Undefined control sequence.
l.80 			$n_j \in \{A,U,C,G\} \sim P_N$ \tcp
                                           *{select a random nucleotide $n_j...
The control sequence at the end of the top line
of your error message was never \def'ed. If you have
misspelled it (e.g., `\hobx'), type `I' and the correct
spelling (e.g., `I\hbox'). Otherwise just continue,
and I'll forget about whatever was undefined.

! Undefined control sequence.
l.81 			$S'_r \leftarrow n_{j}$ \tcp
                                    *{replace the nucleotide at position $j$...
The control sequence at the end of the top line
of your error message was never \def'ed. If you have
misspelled it (e.g., `\hobx'), type `I' and the correct
spelling (e.g., `I\hbox'). Otherwise just continue,
and I'll forget about whatever was undefined.

! Undefined control sequence.
l.83 		\For
           { $j \in \{1,2,...B_i\}$}{
The control sequence at the end of the top line
of your error message was never \def'ed. If you have
misspelled it (e.g., `\hobx'), type `I' and the correct
spelling (e.g., `I\hbox'). Otherwise just continue,
and I'll forget about whatever was undefined.

! Undefined control sequence.
l.84 ...j \in \{AU,UA,CG,GC,GU,UG\} \sim P_C$ \tcp
                                                  *{select a random base pai...
The control sequence at the end of the top line
of your error message was never \def'ed. If you have
misspelled it (e.g., `\hobx'), type `I' and the correct
spelling (e.g., `I\hbox'). Otherwise just continue,
and I'll forget about whatever was undefined.

! Undefined control sequence.
l.85 ...\in \{(b_1,b_2)_i\} \sim \mathcal{U}$ \tcp
                                                  *{select uniformly a rando...
The control sequence at the end of the top line
of your error message was never \def'ed. If you have
misspelled it (e.g., `\hobx'), type `I' and the correct
spelling (e.g., `I\hbox'). Otherwise just continue,
and I'll forget about whatever was undefined.

! Undefined control sequence.
l.86 			$S'_b \leftarrow k_{j}$ \tcp
                                    *{replace respectively the nucleotides a...
The control sequence at the end of the top line
of your error message was never \def'ed. If you have
misspelled it (e.g., `\hobx'), type `I' and the correct
spelling (e.g., `I\hbox'). Otherwise just continue,
and I'll forget about whatever was undefined.

! Undefined control sequence.
l.89 		$P' \gets P'\cup S'$ \tcp
                                *{Add $S'$ to the list $P'$}
The control sequence at the end of the top line
of your error message was never \def'ed. If you have
misspelled it (e.g., `\hobx'), type `I' and the correct
spelling (e.g., `I\hbox'). Otherwise just continue,
and I'll forget about whatever was undefined.


! Package caption Error: \caption outside float.

See the caption package documentation for explanation.
Type  H <return>  for immediate help.
 ...                                              
                                                  
l.91 	\caption
              {Mutation algorithm}\label{Algo:Lvy}
If you do not understand this error, please take a closer look
at the documentation of the `caption' package, especially the
section about errors.
Try typing  <return>  to proceed.
If that doesn't work, type  X <return>  to quit.


! LaTeX Error: \begin{document} ended by \end{algorithm}.

See the LaTeX manual or LaTeX Companion for explanation.
Type  H <return>  for immediate help.
 ...                                              
                                                  
l.92 \end{algorithm}
                    
Your command was ignored.
Type  I <command> <return>  to replace it with another command,
or  <return>  to continue without it.


LaTeX Warning: Reference `Fig:pk_type' on page 40 undefined on input line 108.


Overfull \hbox (114.52754pt too wide) has occurred while \output is active
[]|[]|  
 []

[40]

LaTeX Warning: Citation 'Eterna' on page 41 undefined on input line 110.


LaTeX Warning: Citation 'Turn1999' on page 41 undefined on input line 110.


LaTeX Warning: Citation 'Eterna' on page 41 undefined on input line 110.

<../res/images/arnaque/Tuning.pdf, id=468, 867.24pt x 289.08pt>
File: ../res/images/arnaque/Tuning.pdf Graphic file (type pdf)
<use ../res/images/arnaque/Tuning.pdf>
Package pdftex.def Info: ../res/images/arnaque/Tuning.pdf  used on input line 1
15.
(pdftex.def)             Requested size: 336.0pt x 111.9997pt.

Underfull \hbox (badness 2293) in paragraph at lines 116--116
[][]|\T1/pplj/m/n/10 (+20) Pa-ram-e-ter tun-ing for both bi-no-mial and Levy mu
-ta-tion
 []


Overfull \hbox (114.52754pt too wide) has occurred while \output is active
 []|[]|
 []

[41 <../res/images/arnaque/Tuning.pdf>]

LaTeX Warning: Reference `Fig:tunning' on page 42 undefined on input line 130.


LaTeX Warning: Reference `Fig:tunning' on page 42 undefined on input line 130.


LaTeX Warning: Reference `Fig:tunning' on page 42 undefined on input line 139.


LaTeX Warning: Reference `Fig:tunning' on page 42 undefined on input line 139.


Overfull \hbox (114.52754pt too wide) has occurred while \output is active
[]|[]|  
 []

[42]
<../res/images/arnaque/pkbase_ipknotV2.pdf, id=534, 650.43pt x 433.62pt>
File: ../res/images/arnaque/pkbase_ipknotV2.pdf Graphic file (type pdf)
<use ../res/images/arnaque/pkbase_ipknotV2.pdf>
Package pdftex.def Info: ../res/images/arnaque/pkbase_ipknotV2.pdf  used on inp
ut line 144.
(pdftex.def)             Requested size: 336.0pt x 224.0016pt.

Overfull \hbox (114.52754pt too wide) has occurred while \output is active
 []|[]|
 []

[43 <../res/images/arnaque/pkbase_ipknotV2.pdf>]
<../res/images/arnaque/pk_hotknot_IPknot_aRNAqueVSantaRNA_2.pdf, id=602, 867.24
pt x 433.62pt>
File: ../res/images/arnaque/pk_hotknot_IPknot_aRNAqueVSantaRNA_2.pdf Graphic fi
le (type pdf)
<use ../res/images/arnaque/pk_hotknot_IPknot_aRNAqueVSantaRNA_2.pdf>
Package pdftex.def Info: ../res/images/arnaque/pk_hotknot_IPknot_aRNAqueVSantaR
NA_2.pdf  used on input line 154.
(pdftex.def)             Requested size: 336.0pt x 167.99954pt.
LaTeX Font Info:    Font shape `T1/fvm/m/it' in size <10.95> not available
(Font)              Font shape `T1/fvm/m/sl' tried instead on input line 164.
LaTeX Font Info:    Font shape `T1/fvm/m/sl' will be
(Font)              scaled to size 9.30756pt on input line 164.


LaTeX Warning: Reference `Fig:OP_vs_aRNAque' on page 44 undefined on input line
 165.


Overfull \hbox (114.52754pt too wide) has occurred while \output is active
[]|[]|  
 []

[44 <../res/images/arnaque/pk_hotknot_IPknot_aRNAqueVSantaRNA_2.pdf>]

LaTeX Warning: Reference `Fig:antaRNA_vs_aRNAque' on page 45 undefined on input
 line 169.


LaTeX Warning: Reference `Fig:antaRNA_vs_aRNAque' on page 45 undefined on input
 line 169.


LaTeX Warning: Reference `Fig:antaRNA_vs_aRNAque' on page 45 undefined on input
 line 179.


LaTeX Warning: Reference `Fig:antaRNA_vs_aRNAque' on page 45 undefined on input
 line 179.


LaTeX Warning: Citation 'merleau2021simple' on page 45 undefined on input line 
184.


LaTeX Warning: Reference `Fig:diversity2' on page 45 undefined on input line 18
4.


LaTeX Warning: Citation 'Eterna' on page 45 undefined on input line 184.


Overfull \hbox (114.52754pt too wide) has occurred while \output is active
 []|[]|
 []

[45]

LaTeX Warning: Reference `Fig:diversity' on page 46 undefined on input line 206
.


LaTeX Warning: Reference `Fig:diversity' on page 46 undefined on input line 206
.


LaTeX Warning: Reference `Fig:diversity' on page 46 undefined on input line 206
.


LaTeX Warning: Reference `Fig:diversity' on page 46 undefined on input line 206
.


Overfull \hbox (114.52754pt too wide) has occurred while \output is active
[]|[]|  
 []

[46]
<../res/images/arnaque/diversity.pdf, id=684, 650.43pt x 433.62pt>
File: ../res/images/arnaque/diversity.pdf Graphic file (type pdf)
<use ../res/images/arnaque/diversity.pdf>
Package pdftex.def Info: ../res/images/arnaque/diversity.pdf  used on input lin
e 210.
(pdftex.def)             Requested size: 336.0pt x 224.0016pt.


LaTeX Warning: Citation 'hajdin2013accurate' on page 47 undefined on input line
 220.


LaTeX Warning: Reference `Fig:diversity2' on page 47 undefined on input line 22
2.


Overfull \hbox (114.52754pt too wide) has occurred while \output is active
 []|[]|
 []

[47 <../res/images/arnaque/diversity.pdf>]
<../res/images/arnaque/levy_analysis.pdf, id=745, 722.7pt x 289.08pt>
File: ../res/images/arnaque/levy_analysis.pdf Graphic file (type pdf)
<use ../res/images/arnaque/levy_analysis.pdf>
Package pdftex.def Info: ../res/images/arnaque/levy_analysis.pdf  used on input
 line 231.
(pdftex.def)             Requested size: 352.80103pt x 141.12111pt.

Overfull \hbox (16.80103pt too wide) in paragraph at lines 231--233
 [][] 
 []


Overfull \hbox (114.52754pt too wide) has occurred while \output is active
[]|[]|  
 []

[48 <../res/images/arnaque/levy_analysis.pdf>])
Overfull \hbox (114.52754pt too wide) has occurred while \output is active
 []|[]|
 []

[49] [50



] [51] [52]
\openout2 = `Chapters/Chapter08.aux'.

 (./Chapters/Chapter08.tex
Chapter 8.
) [53



] [54



] [55


] [56]
\openout2 = `Chapters/Chapter0A.aux'.

 (./Chapters/Chapter0A.tex)
\openout2 = `FrontBackmatter/Bibliography.aux'.


(./FrontBackmatter/Bibliography.tex

LaTeX Warning: Empty bibliography on input line 15.

)
\openout2 = `FrontBackmatter/Declaration.aux'.

 (./FrontBackmatter/Declaration.tex) [57











] [58



]
\openout2 = `FrontBackmatter/Colophon.aux'.

 (./FrontBackmatter/Colophon.tex) [59

]
Package atveryend Info: Empty hook `BeforeClearDocument' on input line 121.
Package atveryend Info: Empty hook `AfterLastShipout' on input line 121.
 (./thesis.aux (./FrontBackmatter/firstpage_submit.aux)
(./FrontBackmatter/Dedication.aux) (./FrontBackmatter/Abstract.aux)
(./FrontBackmatter/Publications.aux) (./FrontBackmatter/Acknowledgments.aux)
(./FrontBackmatter/Contents.aux) (./Chapters/Chapter0.aux)
(./Chapters/Chapter01.aux) (./Chapters/Chapter02.aux) (./Chapters/Chapter03.aux
) (./Chapters/Chapter04.aux) (./Chapters/Chapter05.aux)
(./Chapters/Chapter06.aux) (./Chapters/Chapter07.aux) (./Chapters/Chapter08.aux
) (./Chapters/Chapter0A.aux) (./FrontBackmatter/Bibliography.aux)
(./FrontBackmatter/Declaration.aux) (./FrontBackmatter/Colophon.aux)

Package mparhack Warning: Marginpars may have changed.
(mparhack)                Rerun to get them right.

)
Package atveryend Info: Executing hook `AtVeryEndDocument' on input line 121.


 *File List*
 silence.sty    2012/07/02 v1.5b Selective filtering of warnings and error mess
ages
scrreprt.cls    2019/02/01 v3.26b KOMA-Script document class (report)
scrkbase.sty    2019/02/01 v3.26b KOMA-Script package (KOMA-Script-dependent ba
sics and keyval usage)
 scrbase.sty    2019/02/01 v3.26b KOMA-Script package (KOMA-Script-independent 
basics and keyval usage)
  keyval.sty    2014/10/28 v1.15 key=value parser (DPC)
scrlfile.sty    2019/02/01 v3.26b KOMA-Script package (loading files)
tocbasic.sty    2019/02/01 v3.26b KOMA-Script package (handling toc-files)
scrsize11pt.clo    2019/02/01 v3.26b KOMA-Script font size class option (11pt)
typearea.sty    2019/02/01 v3.26b KOMA-Script package (type area)
classicthesis-config.tex
inputenc.sty    2018/08/11 v1.3c Input encoding file
 fontenc.sty
   t1enc.def    2018/08/11 v2.0j Standard LaTeX file
   babel.sty    2018/11/13 3.27 The Babel package
 ngerman.ldf    2018/12/08 v2.11 German support for babel (post-1996 orthograph
y)
american.ldf    2017/06/06 v3.3r English support from the babel system
csquotes.sty    2018/04/13 v5.2d context-sensitive quotations (JAW)
etoolbox.sty    2018/08/19 v2.5f e-TeX tools for LaTeX (JAW)
csquotes.def    2018/04/13 v5.2d csquotes generic definitions (JAW)
csquotes.cfg    
biblatex.sty    2018/11/02 v3.12 programmable bibliographies (PK/MW)
pdftexcmds.sty    2018/09/10 v0.29 Utility functions of pdfTeX for LuaTeX (HO)
infwarerr.sty    2016/05/16 v1.4 Providing info/warning/error messages (HO)
ifluatex.sty    2016/05/16 v1.4 Provides the ifluatex switch (HO)
 ltxcmds.sty    2016/05/16 v1.23 LaTeX kernel commands for general use (HO)
   ifpdf.sty    2018/09/07 v3.3 Provides the ifpdf switch
kvoptions.sty    2016/05/16 v3.12 Key value format for package options (HO)
kvsetkeys.sty    2016/05/16 v1.17 Key value parser (HO)
etexcmds.sty    2016/05/16 v1.6 Avoid name clashes with e-TeX commands (HO)
  logreq.sty    2010/08/04 v1.0 xml request logger
  logreq.def    2010/08/04 v1.0 logreq spec v1.0
  ifthen.sty    2014/09/29 v1.1c Standard LaTeX ifthen package (DPC)
     url.sty    2013/09/16  ver 3.4  Verb mode for urls, etc.
  blx-dm.def    2018/11/02 v3.12 biblatex localization (PK/MW)
blx-compat.def    2018/11/02 v3.12 biblatex compatibility (PK/MW)
blx-bibtex.def    2018/11/02 v3.12 biblatex compatibility (PK/MW)
biblatex.def    2018/11/02 v3.12 biblatex compatibility (PK/MW)
blx-natbib.def    2018/11/02 v3.12 biblatex compatibility (PK/MW)
standard.bbx    2018/11/02 v3.12 biblatex bibliography style (PK/MW)
 numeric.bbx    2018/11/02 v3.12 biblatex bibliography style (PK/MW)
numeric-comp.cbx    2018/11/02 v3.12 biblatex citation style (PK/MW)
biblatex.cfg    
 amsmath.sty    2018/12/01 v2.17b AMS math features
 amstext.sty    2000/06/29 v2.01 AMS text
  amsgen.sty    1999/11/30 v2.0 generic functions
  amsbsy.sty    1999/11/29 v1.2d Bold Symbols
  amsopn.sty    2016/03/08 v2.02 operator names
graphicx.sty    2017/06/01 v1.1a Enhanced LaTeX Graphics (DPC,SPQR)
graphics.sty    2017/06/25 v1.2c Standard LaTeX Graphics (DPC,SPQR)
    trig.sty    2016/01/03 v1.10 sin cos tan (DPC)
graphics.cfg    2016/06/04 v1.11 sample graphics configuration
  pdftex.def    2018/01/08 v1.0l Graphics/color driver for pdftex
 scrhack.sty    2019/02/01 v3.26b KOMA-Script package 
  xpatch.sty    2012/10/02 v0.3 Extending etoolbox patching commands
   expl3.sty    2019-02-15 L3 programming layer (loader) 
expl3-code.tex    2019-02-15 L3 programming layer 
l3pdfmode.def    2019-02-15 v L3 Experimental driver: PDF mode
  xparse.sty    2018-10-17 L3 Experimental document command parser
  xspace.sty    2014/10/28 v1.13 Space after command names (DPC,MH)
 acronym.sty    2015/03/21 v1.41 Support for acronyms (Tobias Oetiker)
  suffix.sty    2006/07/15 1.5a Variant command support
 xstring.sty    2019/02/06 v1.83 String manipulations (CT)
 relsize.sty    2013/03/29 ver 4.1
tabularx.sty    2016/02/03 v2.11b `tabularx' package (DPC)
   array.sty    2018/12/30 v2.4k Tabular extension package (FMi)
  subfig.sty    2005/06/28 ver: 1.3 subfig package
 caption.sty    2018/10/06 v3.3-154 Customizing captions (AR)
caption3.sty    2018/09/12 v1.8c caption3 kernel (AR)
listings.sty    2018/09/02 1.7 (Carsten Heinz)
 lstmisc.sty    2018/09/02 1.7 (Carsten Heinz)
listings.cfg    2018/09/02 1.7 listings configuration
listings.hak    2019/02/01 v3.26b KOMA-Script package (hacking package listings
)
lstlang1.sty    2018/09/02 1.7 listings language file
lstlang2.sty    2018/09/02 1.7 listings language file
lstlang3.sty    2018/09/02 1.7 listings language file
lstlang1.sty    2018/09/02 1.7 listings language file
lstlang2.sty    2018/09/02 1.7 listings language file
lstlang3.sty    2018/09/02 1.7 listings language file
lstlang1.sty    2018/09/02 1.7 listings language file
lstlang2.sty    2018/09/02 1.7 listings language file
lstlang3.sty    2018/09/02 1.7 listings language file
 lstmisc.sty    2018/09/02 1.7 (Carsten Heinz)
classicthesis.sty    2018/06/03 v4.6 Typographic style for a classic-looking th
esis
 ifxetex.sty    2010/09/12 v0.6 Provides ifxetex conditional
  xcolor.sty    2016/05/11 v2.12 LaTeX color extensions (UK)
   color.cfg    2016/01/02 v1.6 sample color configuration
dvipsnam.def    2016/06/17 v3.0m Driver-dependent file (DPC,SPQR)
mathpazo.sty    2005/04/12 PSNFSS-v9.2a Palatino w/ Pazo Math (D.Puga, WaS) 
beramono.sty    2004/01/31 (WaS)
    ueur.fd    2013/01/14 v3.01 Euler Roman
microtype.sty    2019/02/28 v2.7b Micro-typographical refinements (RS)
microtype-pdftex.def    2019/02/28 v2.7b Definitions specific to pdftex (RS)
microtype.cfg    2019/02/28 v2.7b microtype main configuration file (RS)
mparhack.sty    2005/04/17 v1.4 (T. Sgouros and S. Ulrich)
booktabs.sty    2016/04/27 v1.618033 publication quality tables
textcase.sty    2004/10/07 v0.07 Text only upper/lower case changing (DPC)
scrlayer-scrpage.sty    2019/02/01 v3.26b KOMA-Script package (end user interfa
ce for scrlayer)
scrlayer.sty    2019/02/01 v3.26b KOMA-Script package (defining layers and page
 styles)
titlesec.sty    2016/03/21 v2.10.2 Sectioning titles
 tocloft.sty    2017/08/31 v2.3i parameterised ToC, etc., typesetting
 scrtime.sty    2019/02/01 v3.26b KOMA-Script package (time of LaTeX run)
prelim2e.sty    2009/05/29 v1.3 prelim2e Package (MS)
everyshi.sty    2001/05/15 v3.00 EveryShipout Package (MS)
hyperref.sty    2018/11/30 v6.88e Hypertext links for LaTeX
hobsub-hyperref.sty    2016/05/16 v1.14 Bundle oberdiek, subset hyperref (HO)
hobsub-generic.sty    2016/05/16 v1.14 Bundle oberdiek, subset generic (HO)
  hobsub.sty    2016/05/16 v1.14 Construct package bundles (HO)
  ifvtex.sty    2016/05/16 v1.6 Detect VTeX and its facilities (HO)
 intcalc.sty    2016/05/16 v1.2 Expandable calculations with integers (HO)
kvdefinekeys.sty    2016/05/16 v1.4 Define keys (HO)
pdfescape.sty    2016/05/16 v1.14 Implements pdfTeX's escape features (HO)
bigintcalc.sty    2016/05/16 v1.4 Expandable calculations on big integers (HO)
  bitset.sty    2016/05/16 v1.2 Handle bit-vector datatype (HO)
uniquecounter.sty    2016/05/16 v1.3 Provide unlimited unique counter (HO)
letltxmacro.sty    2016/05/16 v1.5 Let assignment for LaTeX macros (HO)
 hopatch.sty    2016/05/16 v1.3 Wrapper for package hooks (HO)
xcolor-patch.sty    2016/05/16 xcolor patch
atveryend.sty    2016/05/16 v1.9 Hooks at the very end of document (HO)
atbegshi.sty    2016/06/09 v1.18 At begin shipout hook (HO)
refcount.sty    2016/05/16 v3.5 Data extraction from label references (HO)
 hycolor.sty    2016/05/16 v1.8 Color options for hyperref/bookmark (HO)
 auxhook.sty    2016/05/16 v1.4 Hooks for auxiliary files (HO)
  pd1enc.def    2018/11/30 v6.88e Hyperref: PDFDocEncoding definition (HO)
hyperref.cfg    2002/06/06 v1.2 hyperref configuration of TeXLive
 hpdftex.def    2018/11/30 v6.88e Hyperref driver for pdfTeX
rerunfilecheck.sty    2016/05/16 v1.8 Rerun checks for auxiliary files (HO)
 english.lbx    2018/11/02 v3.12 biblatex localization (PK/MW)
american.lbx    2018/11/02 v3.12 biblatex localization (PK/MW)
  german.lbx    2018/11/02 v3.12 biblatex localization (PK/MW)
 ngerman.lbx    2018/11/02 v3.12 biblatex localization (PK/MW)
  t1pplj.fd    2004/09/06 font definitions for T1/pplj.
supp-pdf.mkii
epstopdf-base.sty    2016/05/15 v2.6 Base part for package epstopdf
  grfext.sty    2016/05/16 v1.2 Manage graphics extensions (HO)
epstopdf-sys.cfg    2010/07/13 v1.3 Configuration of (r)epstopdf for TeX Live
  mt-ppl.cfg    2005/11/16 v1.6 microtype config. file: Palatino (RS)
 nameref.sty    2016/05/21 v2.44 Cross-referencing by name of section
gettitlestring.sty    2016/05/16 v1.5 Cleanup title references (HO)
  thesis.out
  thesis.out
bookmark.sty    2016/05/17 v1.26 PDF bookmarks (HO)
bkm-pdftex.def    2016/05/17 v1.26 bookmark driver for pdfTeX (HO)
FrontBackmatter/firstpage_submit.tex
FrontBackmatter/Dedication.tex
FrontBackmatter/Abstract.tex
 ot1pplx.fd    2004/09/06 font definitions for OT1/pplx.
 omlzplm.fd    2002/09/08 Fontinst v1.914 font definitions for OML/zplm.
 omszplm.fd    2002/09/08 Fontinst v1.914 font definitions for OMS/zplm.
 omxzplm.fd    2002/09/08 Fontinst v1.914 font definitions for OMX/zplm.
 ot1zplm.fd    2002/09/08 Fontinst v1.914 font definitions for OT1/zplm.
   t1fvm.fd    2004/09/07 scalable font definitions for T1/fvm.
FrontBackmatter/Publications.tex
FrontBackmatter/Acknowledgments.tex
FrontBackmatter/Contents.tex
Chapters/Chapter0.tex
Chapters/Chapter01.tex
Chapters/Chapter02.tex
Chapters/Chapter03.tex
Chapters/Chapter04.tex
Chapters/Chapter05.tex
Chapters/Chapter06.tex
../res/images/rafft/fast_paths_graph.png
../res/images/rafft/algo_draw.png
../res/images/rafft/perf_illed.png
../res/images/rafft/test_case.png
../res/images/rafft/kinetic_treekin.png
../res/images/rafft/kine_bi_sta.png
Chapters/Chapter07.tex
../res/images/arnaque/pk_type.pdf
../res/images/arnaque/Tuning.pdf
../res/images/arnaque/pkbase_ipknotV2.pdf
../res/images/arnaque/pk_hotknot_IPknot_aRNAqueVSantaRNA_2.pdf
../res/images/arnaque/diversity.pdf
../res/images/arnaque/levy_analysis.pdf
Chapters/Chapter08.tex
Chapters/Chapter0A.tex
FrontBackmatter/Bibliography.tex
FrontBackmatter/Declaration.tex
FrontBackmatter/Colophon.tex
 ***********

Package atveryend Info: Executing hook `AtEndAfterFileList' on input line 121.
Package rerunfilecheck Info: File `thesis.out' has not changed.
(rerunfilecheck)             Checksum: D41D8CD98F00B204E9800998ECF8427E;0.

LaTeX Font Warning: Some font shapes were not available, defaults substituted.


LaTeX Warning: There were undefined references.


LaTeX Warning: There were multiply-defined labels.


Package biblatex Warning: Please (re)run BibTeX on the file(s):
(biblatex)                thesis1-blx
(biblatex)                thesis
(biblatex)                and rerun LaTeX afterwards.

Package logreq Info: Writing requests to 'thesis.run.xml'.
\openout1 = `thesis.run.xml'.

 ) 
Here is how much of TeX's memory you used:
 35137 strings out of 492615
 646965 string characters out of 6131391
 1161007 words of memory out of 5000000
 37648 multiletter control sequences out of 15000+600000
 677364 words of font info for 618 fonts, out of 8000000 for 9000
 1143 hyphenation exceptions out of 8191
 71i,23n,98p,9085b,3823s stack positions out of 5000i,500n,10000p,200000b,80000s
{/usr/share/texlive/texmf-dist/fonts/enc/dvips/base/8r.enc}</usr/share/texliv
e/texmf-dist/fonts/type1/public/amsfonts/cm/cmex10.pfb></usr/share/texlive/texm
f-dist/fonts/type1/public/amsfonts/cm/cmmi10.pfb></usr/share/texlive/texmf-dist
/fonts/type1/public/amsfonts/cm/cmr10.pfb></usr/share/texlive/texmf-dist/fonts/
type1/public/amsfonts/cm/cmsy10.pfb></usr/share/texlive/texmf-dist/fonts/type1/
public/amsfonts/euler/eurb10.pfb></usr/share/texlive/texmf-dist/fonts/type1/pub
lic/fpl/fplbj8a.pfb></usr/share/texlive/texmf-dist/fonts/type1/public/mathpazo/
fplmr.pfb></usr/share/texlive/texmf-dist/fonts/type1/public/mathpazo/fplmri.pfb
></usr/share/texlive/texmf-dist/fonts/type1/public/fpl/fplrc8a.pfb></usr/share/
texlive/texmf-dist/fonts/type1/public/fpl/fplrij8a.pfb></usr/share/texlive/texm
f-dist/fonts/type1/public/bera/fvmb8a.pfb></usr/share/texlive/texmf-dist/fonts/
type1/public/bera/fvmr8a.pfb></usr/share/texlive/texmf-dist/fonts/type1/public/
bera/fvmro8a.pfb></usr/share/texlive/texmf-dist/fonts/type1/urw/palatino/uplb8a
.pfb></usr/share/texlive/texmf-dist/fonts/type1/urw/palatino/uplbi8a.pfb></usr/
share/texlive/texmf-dist/fonts/type1/urw/palatino/uplr8a.pfb></usr/share/texliv
e/texmf-dist/fonts/type1/urw/palatino/uplri8a.pfb>
Output written on thesis.pdf (77 pages, 5125154 bytes).
PDF statistics:
 1079 PDF objects out of 1200 (max. 8388607)
 731 compressed objects within 8 object streams
 164 named destinations out of 1000 (max. 500000)
 106965 words of extra memory for PDF output out of 106986 (max. 10000000)

